<?xml version="1.0" encoding="UTF-8"?>
<testsuite xmlns:xsi="http://www.w3.org/2001/XMLSchema-instance" xsi:noNamespaceSchemaLocation="https://maven.apache.org/surefire/maven-surefire-plugin/xsd/surefire-test-report-3.0.xsd" version="3.0" name="com.example.workdemo.WorkDemoApplicationTests" time="2.317" tests="1" errors="0" skipped="0" failures="0">
  <properties>
    <property name="socksProxyHost" value="127.0.0.1"/>
    <property name="http.proxyHost" value="127.0.0.1"/>
    <property name="java.specification.version" value="21"/>
    <property name="sun.jnu.encoding" value="UTF-8"/>
    <property name="java.class.path" value="/Users/heliting/Documents/GitHub/SpringCloudDemo/workDemo/target/test-classes:/Users/heliting/Documents/GitHub/SpringCloudDemo/workDemo/target/classes:/Users/heliting/.m2/repository/org/springframework/boot/spring-boot-starter-test/2.6.3/spring-boot-starter-test-2.6.3.jar:/Users/heliting/.m2/repository/org/springframework/boot/spring-boot-starter/2.6.3/spring-boot-starter-2.6.3.jar:/Users/heliting/.m2/repository/org/springframework/boot/spring-boot/2.6.3/spring-boot-2.6.3.jar:/Users/heliting/.m2/repository/org/springframework/boot/spring-boot-starter-logging/2.6.3/spring-boot-starter-logging-2.6.3.jar:/Users/heliting/.m2/repository/ch/qos/logback/logback-classic/1.2.10/logback-classic-1.2.10.jar:/Users/heliting/.m2/repository/ch/qos/logback/logback-core/1.2.10/logback-core-1.2.10.jar:/Users/heliting/.m2/repository/org/apache/logging/log4j/log4j-to-slf4j/2.17.1/log4j-to-slf4j-2.17.1.jar:/Users/heliting/.m2/repository/org/apache/logging/log4j/log4j-api/2.17.1/log4j-api-2.17.1.jar:/Users/heliting/.m2/repository/org/slf4j/jul-to-slf4j/1.7.33/jul-to-slf4j-1.7.33.jar:/Users/heliting/.m2/repository/jakarta/annotation/jakarta.annotation-api/1.3.5/jakarta.annotation-api-1.3.5.jar:/Users/heliting/.m2/repository/org/yaml/snakeyaml/1.29/snakeyaml-1.29.jar:/Users/heliting/.m2/repository/org/springframework/boot/spring-boot-test/2.6.3/spring-boot-test-2.6.3.jar:/Users/heliting/.m2/repository/org/springframework/boot/spring-boot-test-autoconfigure/2.6.3/spring-boot-test-autoconfigure-2.6.3.jar:/Users/heliting/.m2/repository/com/jayway/jsonpath/json-path/2.6.0/json-path-2.6.0.jar:/Users/heliting/.m2/repository/net/minidev/json-smart/2.4.7/json-smart-2.4.7.jar:/Users/heliting/.m2/repository/net/minidev/accessors-smart/2.4.7/accessors-smart-2.4.7.jar:/Users/heliting/.m2/repository/org/ow2/asm/asm/9.1/asm-9.1.jar:/Users/heliting/.m2/repository/org/slf4j/slf4j-api/1.7.33/slf4j-api-1.7.33.jar:/Users/heliting/.m2/repository/jakarta/xml/bind/jakarta.xml.bind-api/2.3.3/jakarta.xml.bind-api-2.3.3.jar:/Users/heliting/.m2/repository/jakarta/activation/jakarta.activation-api/1.2.2/jakarta.activation-api-1.2.2.jar:/Users/heliting/.m2/repository/org/assertj/assertj-core/3.21.0/assertj-core-3.21.0.jar:/Users/heliting/.m2/repository/org/hamcrest/hamcrest/2.2/hamcrest-2.2.jar:/Users/heliting/.m2/repository/org/junit/jupiter/junit-jupiter/5.8.2/junit-jupiter-5.8.2.jar:/Users/heliting/.m2/repository/org/junit/jupiter/junit-jupiter-api/5.8.2/junit-jupiter-api-5.8.2.jar:/Users/heliting/.m2/repository/org/opentest4j/opentest4j/1.2.0/opentest4j-1.2.0.jar:/Users/heliting/.m2/repository/org/junit/platform/junit-platform-commons/1.8.2/junit-platform-commons-1.8.2.jar:/Users/heliting/.m2/repository/org/apiguardian/apiguardian-api/1.1.2/apiguardian-api-1.1.2.jar:/Users/heliting/.m2/repository/org/junit/jupiter/junit-jupiter-params/5.8.2/junit-jupiter-params-5.8.2.jar:/Users/heliting/.m2/repository/org/junit/jupiter/junit-jupiter-engine/5.8.2/junit-jupiter-engine-5.8.2.jar:/Users/heliting/.m2/repository/org/junit/platform/junit-platform-engine/1.8.2/junit-platform-engine-1.8.2.jar:/Users/heliting/.m2/repository/org/mockito/mockito-core/4.0.0/mockito-core-4.0.0.jar:/Users/heliting/.m2/repository/net/bytebuddy/byte-buddy/1.11.22/byte-buddy-1.11.22.jar:/Users/heliting/.m2/repository/net/bytebuddy/byte-buddy-agent/1.11.22/byte-buddy-agent-1.11.22.jar:/Users/heliting/.m2/repository/org/objenesis/objenesis/3.2/objenesis-3.2.jar:/Users/heliting/.m2/repository/org/mockito/mockito-junit-jupiter/4.0.0/mockito-junit-jupiter-4.0.0.jar:/Users/heliting/.m2/repository/org/skyscreamer/jsonassert/1.5.0/jsonassert-1.5.0.jar:/Users/heliting/.m2/repository/com/vaadin/external/google/android-json/0.0.20131108.vaadin1/android-json-0.0.20131108.vaadin1.jar:/Users/heliting/.m2/repository/org/springframework/spring-core/5.3.15/spring-core-5.3.15.jar:/Users/heliting/.m2/repository/org/springframework/spring-jcl/5.3.15/spring-jcl-5.3.15.jar:/Users/heliting/.m2/repository/org/springframework/spring-test/5.3.15/spring-test-5.3.15.jar:/Users/heliting/.m2/repository/org/xmlunit/xmlunit-core/2.8.4/xmlunit-core-2.8.4.jar:/Users/heliting/.m2/repository/com/example/common/1.0-SNAPSHOT/common-1.0-SNAPSHOT.jar:/Users/heliting/.m2/repository/org/springframework/boot/spring-boot-starter-mail/2.6.3/spring-boot-starter-mail-2.6.3.jar:/Users/heliting/.m2/repository/org/springframework/spring-context-support/5.3.15/spring-context-support-5.3.15.jar:/Users/heliting/.m2/repository/com/sun/mail/jakarta.mail/1.6.7/jakarta.mail-1.6.7.jar:/Users/heliting/.m2/repository/com/sun/activation/jakarta.activation/1.2.2/jakarta.activation-1.2.2.jar:/Users/heliting/.m2/repository/org/springframework/cloud/spring-cloud-starter-loadbalancer/3.1.1/spring-cloud-starter-loadbalancer-3.1.1.jar:/Users/heliting/.m2/repository/org/springframework/cloud/spring-cloud-starter/3.1.1/spring-cloud-starter-3.1.1.jar:/Users/heliting/.m2/repository/org/springframework/security/spring-security-rsa/1.0.10.RELEASE/spring-security-rsa-1.0.10.RELEASE.jar:/Users/heliting/.m2/repository/org/bouncycastle/bcpkix-jdk15on/1.68/bcpkix-jdk15on-1.68.jar:/Users/heliting/.m2/repository/org/bouncycastle/bcprov-jdk15on/1.68/bcprov-jdk15on-1.68.jar:/Users/heliting/.m2/repository/org/springframework/cloud/spring-cloud-loadbalancer/3.1.1/spring-cloud-loadbalancer-3.1.1.jar:/Users/heliting/.m2/repository/io/projectreactor/reactor-core/3.4.14/reactor-core-3.4.14.jar:/Users/heliting/.m2/repository/org/reactivestreams/reactive-streams/1.0.3/reactive-streams-1.0.3.jar:/Users/heliting/.m2/repository/io/projectreactor/addons/reactor-extra/3.4.6/reactor-extra-3.4.6.jar:/Users/heliting/.m2/repository/org/springframework/boot/spring-boot-starter-cache/2.6.3/spring-boot-starter-cache-2.6.3.jar:/Users/heliting/.m2/repository/com/stoyanr/evictor/1.0.0/evictor-1.0.0.jar:/Users/heliting/.m2/repository/org/springframework/cloud/spring-cloud-starter-gateway/3.1.1/spring-cloud-starter-gateway-3.1.1.jar:/Users/heliting/.m2/repository/org/springframework/cloud/spring-cloud-gateway-server/3.1.1/spring-cloud-gateway-server-3.1.1.jar:/Users/heliting/.m2/repository/org/springframework/boot/spring-boot-starter-validation/2.6.3/spring-boot-starter-validation-2.6.3.jar:/Users/heliting/.m2/repository/org/apache/tomcat/embed/tomcat-embed-el/9.0.56/tomcat-embed-el-9.0.56.jar:/Users/heliting/.m2/repository/org/hibernate/validator/hibernate-validator/6.2.0.Final/hibernate-validator-6.2.0.Final.jar:/Users/heliting/.m2/repository/jakarta/validation/jakarta.validation-api/2.0.2/jakarta.validation-api-2.0.2.jar:/Users/heliting/.m2/repository/org/jboss/logging/jboss-logging/3.4.3.Final/jboss-logging-3.4.3.Final.jar:/Users/heliting/.m2/repository/com/fasterxml/classmate/1.5.1/classmate-1.5.1.jar:/Users/heliting/.m2/repository/org/springframework/boot/spring-boot-starter-webflux/2.6.3/spring-boot-starter-webflux-2.6.3.jar:/Users/heliting/.m2/repository/org/springframework/boot/spring-boot-starter-json/2.6.3/spring-boot-starter-json-2.6.3.jar:/Users/heliting/.m2/repository/com/fasterxml/jackson/datatype/jackson-datatype-jdk8/2.13.1/jackson-datatype-jdk8-2.13.1.jar:/Users/heliting/.m2/repository/com/fasterxml/jackson/datatype/jackson-datatype-jsr310/2.13.1/jackson-datatype-jsr310-2.13.1.jar:/Users/heliting/.m2/repository/com/fasterxml/jackson/module/jackson-module-parameter-names/2.13.1/jackson-module-parameter-names-2.13.1.jar:/Users/heliting/.m2/repository/org/springframework/boot/spring-boot-starter-reactor-netty/2.6.3/spring-boot-starter-reactor-netty-2.6.3.jar:/Users/heliting/.m2/repository/io/projectreactor/netty/reactor-netty-http/1.0.15/reactor-netty-http-1.0.15.jar:/Users/heliting/.m2/repository/io/netty/netty-codec-http/4.1.73.Final/netty-codec-http-4.1.73.Final.jar:/Users/heliting/.m2/repository/io/netty/netty-codec-http2/4.1.73.Final/netty-codec-http2-4.1.73.Final.jar:/Users/heliting/.m2/repository/io/netty/netty-resolver-dns/4.1.73.Final/netty-resolver-dns-4.1.73.Final.jar:/Users/heliting/.m2/repository/io/netty/netty-codec-dns/4.1.73.Final/netty-codec-dns-4.1.73.Final.jar:/Users/heliting/.m2/repository/io/netty/netty-resolver-dns-native-macos/4.1.73.Final/netty-resolver-dns-native-macos-4.1.73.Final-osx-x86_64.jar:/Users/heliting/.m2/repository/io/netty/netty-resolver-dns-classes-macos/4.1.73.Final/netty-resolver-dns-classes-macos-4.1.73.Final.jar:/Users/heliting/.m2/repository/io/netty/netty-transport-native-epoll/4.1.73.Final/netty-transport-native-epoll-4.1.73.Final-linux-x86_64.jar:/Users/heliting/.m2/repository/io/netty/netty-transport-native-unix-common/4.1.73.Final/netty-transport-native-unix-common-4.1.73.Final.jar:/Users/heliting/.m2/repository/io/netty/netty-transport-classes-epoll/4.1.73.Final/netty-transport-classes-epoll-4.1.73.Final.jar:/Users/heliting/.m2/repository/io/projectreactor/netty/reactor-netty-core/1.0.15/reactor-netty-core-1.0.15.jar:/Users/heliting/.m2/repository/io/netty/netty-handler-proxy/4.1.73.Final/netty-handler-proxy-4.1.73.Final.jar:/Users/heliting/.m2/repository/io/netty/netty-codec-socks/4.1.73.Final/netty-codec-socks-4.1.73.Final.jar:/Users/heliting/.m2/repository/org/springframework/spring-webflux/5.3.15/spring-webflux-5.3.15.jar:/Users/heliting/.m2/repository/com/alibaba/cloud/spring-cloud-starter-alibaba-nacos-discovery/2.2.5.RELEASE/spring-cloud-starter-alibaba-nacos-discovery-2.2.5.RELEASE.jar:/Users/heliting/.m2/repository/com/alibaba/cloud/spring-cloud-alibaba-commons/2021.1/spring-cloud-alibaba-commons-2021.1.jar:/Users/heliting/.m2/repository/com/alibaba/nacos/nacos-client/1.4.1/nacos-client-1.4.1.jar:/Users/heliting/.m2/repository/com/alibaba/nacos/nacos-common/1.4.1/nacos-common-1.4.1.jar:/Users/heliting/.m2/repository/commons-io/commons-io/2.2/commons-io-2.2.jar:/Users/heliting/.m2/repository/org/apache/httpcomponents/httpasyncclient/4.1.5/httpasyncclient-4.1.5.jar:/Users/heliting/.m2/repository/org/apache/httpcomponents/httpcore-nio/4.4.15/httpcore-nio-4.4.15.jar:/Users/heliting/.m2/repository/com/alibaba/nacos/nacos-api/1.4.1/nacos-api-1.4.1.jar:/Users/heliting/.m2/repository/com/google/guava/guava/24.1.1-jre/guava-24.1.1-jre.jar:/Users/heliting/.m2/repository/com/google/code/findbugs/jsr305/1.3.9/jsr305-1.3.9.jar:/Users/heliting/.m2/repository/org/checkerframework/checker-compat-qual/2.0.0/checker-compat-qual-2.0.0.jar:/Users/heliting/.m2/repository/com/google/errorprone/error_prone_annotations/2.1.3/error_prone_annotations-2.1.3.jar:/Users/heliting/.m2/repository/com/google/j2objc/j2objc-annotations/1.1/j2objc-annotations-1.1.jar:/Users/heliting/.m2/repository/org/codehaus/mojo/animal-sniffer-annotations/1.14/animal-sniffer-annotations-1.14.jar:/Users/heliting/.m2/repository/commons-codec/commons-codec/1.15/commons-codec-1.15.jar:/Users/heliting/.m2/repository/com/fasterxml/jackson/core/jackson-core/2.13.1/jackson-core-2.13.1.jar:/Users/heliting/.m2/repository/com/fasterxml/jackson/core/jackson-databind/2.13.1/jackson-databind-2.13.1.jar:/Users/heliting/.m2/repository/com/fasterxml/jackson/core/jackson-annotations/2.13.1/jackson-annotations-2.13.1.jar:/Users/heliting/.m2/repository/io/prometheus/simpleclient/0.12.0/simpleclient-0.12.0.jar:/Users/heliting/.m2/repository/io/prometheus/simpleclient_tracer_otel/0.12.0/simpleclient_tracer_otel-0.12.0.jar:/Users/heliting/.m2/repository/io/prometheus/simpleclient_tracer_common/0.12.0/simpleclient_tracer_common-0.12.0.jar:/Users/heliting/.m2/repository/io/prometheus/simpleclient_tracer_otel_agent/0.12.0/simpleclient_tracer_otel_agent-0.12.0.jar:/Users/heliting/.m2/repository/com/alibaba/spring/spring-context-support/1.0.10/spring-context-support-1.0.10.jar:/Users/heliting/.m2/repository/org/springframework/cloud/spring-cloud-commons/3.1.1/spring-cloud-commons-3.1.1.jar:/Users/heliting/.m2/repository/org/springframework/security/spring-security-crypto/5.6.1/spring-security-crypto-5.6.1.jar:/Users/heliting/.m2/repository/org/springframework/cloud/spring-cloud-context/3.1.1/spring-cloud-context-3.1.1.jar:/Users/heliting/.m2/repository/org/springframework/cloud/spring-cloud-starter-netflix-ribbon/2.2.5.RELEASE/spring-cloud-starter-netflix-ribbon-2.2.5.RELEASE.jar:/Users/heliting/.m2/repository/org/springframework/cloud/spring-cloud-netflix-ribbon/2.2.5.RELEASE/spring-cloud-netflix-ribbon-2.2.5.RELEASE.jar:/Users/heliting/.m2/repository/org/springframework/cloud/spring-cloud-netflix-archaius/2.2.5.RELEASE/spring-cloud-netflix-archaius-2.2.5.RELEASE.jar:/Users/heliting/.m2/repository/org/springframework/cloud/spring-cloud-starter-netflix-archaius/2.2.5.RELEASE/spring-cloud-starter-netflix-archaius-2.2.5.RELEASE.jar:/Users/heliting/.m2/repository/com/netflix/archaius/archaius-core/0.7.6/archaius-core-0.7.6.jar:/Users/heliting/.m2/repository/commons-configuration/commons-configuration/1.8/commons-configuration-1.8.jar:/Users/heliting/.m2/repository/com/netflix/ribbon/ribbon/2.3.0/ribbon-2.3.0.jar:/Users/heliting/.m2/repository/com/netflix/ribbon/ribbon-transport/2.3.0/ribbon-transport-2.3.0.jar:/Users/heliting/.m2/repository/io/reactivex/rxnetty-contexts/0.4.9/rxnetty-contexts-0.4.9.jar:/Users/heliting/.m2/repository/io/reactivex/rxnetty-servo/0.4.9/rxnetty-servo-0.4.9.jar:/Users/heliting/.m2/repository/com/netflix/hystrix/hystrix-core/1.4.3/hystrix-core-1.4.3.jar:/Users/heliting/.m2/repository/javax/inject/javax.inject/1/javax.inject-1.jar:/Users/heliting/.m2/repository/io/reactivex/rxnetty/0.4.9/rxnetty-0.4.9.jar:/Users/heliting/.m2/repository/com/netflix/ribbon/ribbon-core/2.3.0/ribbon-core-2.3.0.jar:/Users/heliting/.m2/repository/commons-lang/commons-lang/2.6/commons-lang-2.6.jar:/Users/heliting/.m2/repository/com/netflix/ribbon/ribbon-httpclient/2.3.0/ribbon-httpclient-2.3.0.jar:/Users/heliting/.m2/repository/commons-collections/commons-collections/3.2.2/commons-collections-3.2.2.jar:/Users/heliting/.m2/repository/com/sun/jersey/jersey-client/1.19.1/jersey-client-1.19.1.jar:/Users/heliting/.m2/repository/com/sun/jersey/jersey-core/1.19.1/jersey-core-1.19.1.jar:/Users/heliting/.m2/repository/javax/ws/rs/jsr311-api/1.1.1/jsr311-api-1.1.1.jar:/Users/heliting/.m2/repository/com/sun/jersey/contribs/jersey-apache-client4/1.19.1/jersey-apache-client4-1.19.1.jar:/Users/heliting/.m2/repository/com/netflix/servo/servo-core/0.10.1/servo-core-0.10.1.jar:/Users/heliting/.m2/repository/com/netflix/servo/servo-internal/0.10.1/servo-internal-0.10.1.jar:/Users/heliting/.m2/repository/com/netflix/netflix-commons/netflix-commons-util/0.1.1/netflix-commons-util-0.1.1.jar:/Users/heliting/.m2/repository/com/netflix/ribbon/ribbon-loadbalancer/2.3.0/ribbon-loadbalancer-2.3.0.jar:/Users/heliting/.m2/repository/com/netflix/netflix-commons/netflix-statistics/0.1.1/netflix-statistics-0.1.1.jar:/Users/heliting/.m2/repository/io/reactivex/rxjava/1.3.8/rxjava-1.3.8.jar:/Users/heliting/.m2/repository/com/alibaba/cloud/spring-cloud-starter-alibaba-nacos-config/2.2.5.RELEASE/spring-cloud-starter-alibaba-nacos-config-2.2.5.RELEASE.jar:/Users/heliting/.m2/repository/org/springframework/cloud/spring-cloud-starter-openfeign/3.1.1/spring-cloud-starter-openfeign-3.1.1.jar:/Users/heliting/.m2/repository/org/springframework/cloud/spring-cloud-openfeign-core/3.1.1/spring-cloud-openfeign-core-3.1.1.jar:/Users/heliting/.m2/repository/org/springframework/boot/spring-boot-starter-aop/2.6.3/spring-boot-starter-aop-2.6.3.jar:/Users/heliting/.m2/repository/org/aspectj/aspectjweaver/1.9.7/aspectjweaver-1.9.7.jar:/Users/heliting/.m2/repository/io/github/openfeign/form/feign-form-spring/3.8.0/feign-form-spring-3.8.0.jar:/Users/heliting/.m2/repository/io/github/openfeign/form/feign-form/3.8.0/feign-form-3.8.0.jar:/Users/heliting/.m2/repository/commons-fileupload/commons-fileupload/1.4/commons-fileupload-1.4.jar:/Users/heliting/.m2/repository/org/springframework/spring-web/5.3.15/spring-web-5.3.15.jar:/Users/heliting/.m2/repository/org/springframework/spring-beans/5.3.15/spring-beans-5.3.15.jar:/Users/heliting/.m2/repository/io/github/openfeign/feign-core/11.8/feign-core-11.8.jar:/Users/heliting/.m2/repository/io/github/openfeign/feign-slf4j/11.8/feign-slf4j-11.8.jar:/Users/heliting/.m2/repository/org/springframework/cloud/spring-cloud-starter-stream-rabbit/3.2.2/spring-cloud-starter-stream-rabbit-3.2.2.jar:/Users/heliting/.m2/repository/org/springframework/cloud/spring-cloud-stream-binder-rabbit/3.2.2/spring-cloud-stream-binder-rabbit-3.2.2.jar:/Users/heliting/.m2/repository/org/springframework/cloud/spring-cloud-function-deployer/3.2.2/spring-cloud-function-deployer-3.2.2.jar:/Users/heliting/.m2/repository/org/springframework/boot/spring-boot-loader/2.6.3/spring-boot-loader-2.6.3.jar:/Users/heliting/.m2/repository/org/springframework/cloud/spring-cloud-function-context/3.2.2/spring-cloud-function-context-3.2.2.jar:/Users/heliting/.m2/repository/net/jodah/typetools/0.6.2/typetools-0.6.2.jar:/Users/heliting/.m2/repository/org/springframework/cloud/spring-cloud-function-core/3.2.2/spring-cloud-function-core-3.2.2.jar:/Users/heliting/.m2/repository/org/springframework/cloud/spring-cloud-deployer-resource-maven/2.5.1/spring-cloud-deployer-resource-maven-2.5.1.jar:/Users/heliting/.m2/repository/org/apache/maven/maven-model-builder/3.6.2/maven-model-builder-3.6.2.jar:/Users/heliting/.m2/repository/org/codehaus/plexus/plexus-utils/3.2.1/plexus-utils-3.2.1.jar:/Users/heliting/.m2/repository/org/codehaus/plexus/plexus-interpolation/1.25/plexus-interpolation-1.25.jar:/Users/heliting/.m2/repository/org/apache/maven/maven-model/3.6.2/maven-model-3.6.2.jar:/Users/heliting/.m2/repository/org/apache/maven/maven-artifact/3.6.2/maven-artifact-3.6.2.jar:/Users/heliting/.m2/repository/org/apache/commons/commons-lang3/3.12.0/commons-lang3-3.12.0.jar:/Users/heliting/.m2/repository/org/apache/maven/maven-builder-support/3.6.2/maven-builder-support-3.6.2.jar:/Users/heliting/.m2/repository/org/eclipse/sisu/org.eclipse.sisu.inject/0.3.3/org.eclipse.sisu.inject-0.3.3.jar:/Users/heliting/.m2/repository/org/apache/maven/maven-resolver-provider/3.6.2/maven-resolver-provider-3.6.2.jar:/Users/heliting/.m2/repository/org/apache/maven/maven-repository-metadata/3.6.2/maven-repository-metadata-3.6.2.jar:/Users/heliting/.m2/repository/org/apache/maven/resolver/maven-resolver-api/1.4.1/maven-resolver-api-1.4.1.jar:/Users/heliting/.m2/repository/org/apache/maven/resolver/maven-resolver-spi/1.4.1/maven-resolver-spi-1.4.1.jar:/Users/heliting/.m2/repository/org/apache/maven/resolver/maven-resolver-util/1.4.1/maven-resolver-util-1.4.1.jar:/Users/heliting/.m2/repository/org/apache/maven/resolver/maven-resolver-connector-basic/1.4.1/maven-resolver-connector-basic-1.4.1.jar:/Users/heliting/.m2/repository/org/apache/maven/resolver/maven-resolver-transport-file/1.4.1/maven-resolver-transport-file-1.4.1.jar:/Users/heliting/.m2/repository/org/apache/maven/resolver/maven-resolver-transport-http/1.4.1/maven-resolver-transport-http-1.4.1.jar:/Users/heliting/.m2/repository/org/slf4j/jcl-over-slf4j/1.7.33/jcl-over-slf4j-1.7.33.jar:/Users/heliting/.m2/repository/org/apache/maven/resolver/maven-resolver-transport-wagon/1.4.1/maven-resolver-transport-wagon-1.4.1.jar:/Users/heliting/.m2/repository/org/apache/maven/wagon/wagon-provider-api/3.0.0/wagon-provider-api-3.0.0.jar:/Users/heliting/.m2/repository/org/apache/maven/resolver/maven-resolver-impl/1.4.1/maven-resolver-impl-1.4.1.jar:/Users/heliting/.m2/repository/org/apache/maven/wagon/wagon-http/3.3.4/wagon-http-3.3.4.jar:/Users/heliting/.m2/repository/org/apache/maven/wagon/wagon-http-shared/3.3.4/wagon-http-shared-3.3.4.jar:/Users/heliting/.m2/repository/org/jsoup/jsoup/1.12.1/jsoup-1.12.1.jar:/Users/heliting/.m2/repository/javax/annotation/javax.annotation-api/1.3.2/javax.annotation-api-1.3.2.jar:/Users/heliting/.m2/repository/org/springframework/cloud/spring-cloud-stream-binder-rabbit-core/3.2.2/spring-cloud-stream-binder-rabbit-core-3.2.2.jar:/Users/heliting/.m2/repository/org/springframework/integration/spring-integration-amqp/5.5.8/spring-integration-amqp-5.5.8.jar:/Users/heliting/.m2/repository/com/rabbitmq/http-client/2.1.0.RELEASE/http-client-2.1.0.RELEASE.jar:/Users/heliting/.m2/repository/org/springframework/cloud/spring-cloud-stream/3.2.2/spring-cloud-stream-3.2.2.jar:/Users/heliting/.m2/repository/org/springframework/integration/spring-integration-core/5.5.8/spring-integration-core-5.5.8.jar:/Users/heliting/.m2/repository/org/springframework/retry/spring-retry/1.3.1/spring-retry-1.3.1.jar:/Users/heliting/.m2/repository/org/springframework/integration/spring-integration-jmx/5.5.8/spring-integration-jmx-5.5.8.jar:/Users/heliting/.m2/repository/org/apache/httpcomponents/httpclient/4.5.13/httpclient-4.5.13.jar:/Users/heliting/.m2/repository/org/apache/httpcomponents/httpcore/4.4.15/httpcore-4.4.15.jar:/Users/heliting/.m2/repository/org/springframework/boot/spring-boot-starter-amqp/2.6.3/spring-boot-starter-amqp-2.6.3.jar:/Users/heliting/.m2/repository/org/springframework/spring-messaging/5.3.15/spring-messaging-5.3.15.jar:/Users/heliting/.m2/repository/org/springframework/amqp/spring-rabbit/2.4.2/spring-rabbit-2.4.2.jar:/Users/heliting/.m2/repository/org/springframework/amqp/spring-amqp/2.4.2/spring-amqp-2.4.2.jar:/Users/heliting/.m2/repository/com/rabbitmq/amqp-client/5.13.1/amqp-client-5.13.1.jar:/Users/heliting/.m2/repository/org/springframework/spring-context/5.3.15/spring-context-5.3.15.jar:/Users/heliting/.m2/repository/org/springframework/spring-expression/5.3.15/spring-expression-5.3.15.jar:/Users/heliting/.m2/repository/org/springframework/spring-tx/5.3.15/spring-tx-5.3.15.jar:/Users/heliting/.m2/repository/org/springframework/boot/spring-boot-starter-data-redis/2.6.3/spring-boot-starter-data-redis-2.6.3.jar:/Users/heliting/.m2/repository/org/springframework/data/spring-data-redis/2.6.1/spring-data-redis-2.6.1.jar:/Users/heliting/.m2/repository/org/springframework/data/spring-data-keyvalue/2.6.1/spring-data-keyvalue-2.6.1.jar:/Users/heliting/.m2/repository/org/springframework/data/spring-data-commons/2.6.1/spring-data-commons-2.6.1.jar:/Users/heliting/.m2/repository/org/springframework/spring-oxm/5.3.15/spring-oxm-5.3.15.jar:/Users/heliting/.m2/repository/org/springframework/spring-aop/5.3.15/spring-aop-5.3.15.jar:/Users/heliting/.m2/repository/io/lettuce/lettuce-core/6.1.6.RELEASE/lettuce-core-6.1.6.RELEASE.jar:/Users/heliting/.m2/repository/io/netty/netty-common/4.1.73.Final/netty-common-4.1.73.Final.jar:/Users/heliting/.m2/repository/io/netty/netty-handler/4.1.73.Final/netty-handler-4.1.73.Final.jar:/Users/heliting/.m2/repository/io/netty/netty-resolver/4.1.73.Final/netty-resolver-4.1.73.Final.jar:/Users/heliting/.m2/repository/io/netty/netty-buffer/4.1.73.Final/netty-buffer-4.1.73.Final.jar:/Users/heliting/.m2/repository/io/netty/netty-codec/4.1.73.Final/netty-codec-4.1.73.Final.jar:/Users/heliting/.m2/repository/io/netty/netty-tcnative-classes/2.0.46.Final/netty-tcnative-classes-2.0.46.Final.jar:/Users/heliting/.m2/repository/io/netty/netty-transport/4.1.73.Final/netty-transport-4.1.73.Final.jar:/Users/heliting/.m2/repository/com/baomidou/mybatis-plus-boot-starter/3.5.3.1/mybatis-plus-boot-starter-3.5.3.1.jar:/Users/heliting/.m2/repository/com/baomidou/mybatis-plus/3.5.3.1/mybatis-plus-3.5.3.1.jar:/Users/heliting/.m2/repository/com/baomidou/mybatis-plus-extension/3.5.3.1/mybatis-plus-extension-3.5.3.1.jar:/Users/heliting/.m2/repository/com/baomidou/mybatis-plus-core/3.5.3.1/mybatis-plus-core-3.5.3.1.jar:/Users/heliting/.m2/repository/com/baomidou/mybatis-plus-annotation/3.5.3.1/mybatis-plus-annotation-3.5.3.1.jar:/Users/heliting/.m2/repository/com/github/jsqlparser/jsqlparser/4.4/jsqlparser-4.4.jar:/Users/heliting/.m2/repository/org/mybatis/mybatis/3.5.10/mybatis-3.5.10.jar:/Users/heliting/.m2/repository/org/mybatis/mybatis-spring/2.0.7/mybatis-spring-2.0.7.jar:/Users/heliting/.m2/repository/org/springframework/boot/spring-boot-autoconfigure/2.6.3/spring-boot-autoconfigure-2.6.3.jar:/Users/heliting/.m2/repository/org/springframework/boot/spring-boot-starter-jdbc/2.6.3/spring-boot-starter-jdbc-2.6.3.jar:/Users/heliting/.m2/repository/com/zaxxer/HikariCP/4.0.3/HikariCP-4.0.3.jar:/Users/heliting/.m2/repository/org/springframework/spring-jdbc/5.3.15/spring-jdbc-5.3.15.jar:/Users/heliting/.m2/repository/com/mysql/mysql-connector-j/8.2.0/mysql-connector-j-8.2.0.jar:/Users/heliting/.m2/repository/com/google/protobuf/protobuf-java/3.21.9/protobuf-java-3.21.9.jar:/Users/heliting/.m2/repository/junit/junit/4.13.2/junit-4.13.2.jar:/Users/heliting/.m2/repository/org/hamcrest/hamcrest-core/2.2/hamcrest-core-2.2.jar:"/>
    <property name="https.proxyPort" value="7890"/>
    <property name="java.vm.vendor" value="Oracle Corporation"/>
    <property name="sun.arch.data.model" value="64"/>
    <property name="java.vendor.url" value="https://java.oracle.com/"/>
    <property name="user.timezone" value="Asia/Shanghai"/>
    <property name="java.vm.specification.version" value="21"/>
    <property name="os.name" value="Mac OS X"/>
    <property name="@appId" value="workDemo"/>
    <property name="sun.java.launcher" value="SUN_STANDARD"/>
    <property name="user.country" value="CN"/>
    <property name="sun.boot.library.path" value="/Users/heliting/Library/Java/JavaVirtualMachines/openjdk-21.0.1/Contents/Home/lib"/>
    <property name="sun.java.command" value="/Users/heliting/Documents/GitHub/SpringCloudDemo/workDemo/target/surefire/surefirebooter-20240620153905528_3.jar /Users/heliting/Documents/GitHub/SpringCloudDemo/workDemo/target/surefire 2024-06-20T15-39-05_486-jvmRun1 surefire-20240620153905528_1tmp surefire_0-20240620153905528_2tmp"/>
    <property name="http.nonProxyHosts" value="192.168.0.0/16|*.192.168.0.0/16|10.0.0.0/8|*.10.0.0.0/8|172.16.0.0/12|*.172.16.0.0/12|127.0.0.1|localhost|*.localhost|local|*.local|timestamp.apple.com|*.timestamp.apple.com|sequoia.apple.com|*.sequoia.apple.com|seed-sequoia.siri.apple.com|*.seed-sequoia.siri.apple.com"/>
    <property name="jdk.debug" value="release"/>
    <property name="surefire.test.class.path" value="/Users/heliting/Documents/GitHub/SpringCloudDemo/workDemo/target/test-classes:/Users/heliting/Documents/GitHub/SpringCloudDemo/workDemo/target/classes:/Users/heliting/.m2/repository/org/springframework/boot/spring-boot-starter-test/2.6.3/spring-boot-starter-test-2.6.3.jar:/Users/heliting/.m2/repository/org/springframework/boot/spring-boot-starter/2.6.3/spring-boot-starter-2.6.3.jar:/Users/heliting/.m2/repository/org/springframework/boot/spring-boot/2.6.3/spring-boot-2.6.3.jar:/Users/heliting/.m2/repository/org/springframework/boot/spring-boot-starter-logging/2.6.3/spring-boot-starter-logging-2.6.3.jar:/Users/heliting/.m2/repository/ch/qos/logback/logback-classic/1.2.10/logback-classic-1.2.10.jar:/Users/heliting/.m2/repository/ch/qos/logback/logback-core/1.2.10/logback-core-1.2.10.jar:/Users/heliting/.m2/repository/org/apache/logging/log4j/log4j-to-slf4j/2.17.1/log4j-to-slf4j-2.17.1.jar:/Users/heliting/.m2/repository/org/apache/logging/log4j/log4j-api/2.17.1/log4j-api-2.17.1.jar:/Users/heliting/.m2/repository/org/slf4j/jul-to-slf4j/1.7.33/jul-to-slf4j-1.7.33.jar:/Users/heliting/.m2/repository/jakarta/annotation/jakarta.annotation-api/1.3.5/jakarta.annotation-api-1.3.5.jar:/Users/heliting/.m2/repository/org/yaml/snakeyaml/1.29/snakeyaml-1.29.jar:/Users/heliting/.m2/repository/org/springframework/boot/spring-boot-test/2.6.3/spring-boot-test-2.6.3.jar:/Users/heliting/.m2/repository/org/springframework/boot/spring-boot-test-autoconfigure/2.6.3/spring-boot-test-autoconfigure-2.6.3.jar:/Users/heliting/.m2/repository/com/jayway/jsonpath/json-path/2.6.0/json-path-2.6.0.jar:/Users/heliting/.m2/repository/net/minidev/json-smart/2.4.7/json-smart-2.4.7.jar:/Users/heliting/.m2/repository/net/minidev/accessors-smart/2.4.7/accessors-smart-2.4.7.jar:/Users/heliting/.m2/repository/org/ow2/asm/asm/9.1/asm-9.1.jar:/Users/heliting/.m2/repository/org/slf4j/slf4j-api/1.7.33/slf4j-api-1.7.33.jar:/Users/heliting/.m2/repository/jakarta/xml/bind/jakarta.xml.bind-api/2.3.3/jakarta.xml.bind-api-2.3.3.jar:/Users/heliting/.m2/repository/jakarta/activation/jakarta.activation-api/1.2.2/jakarta.activation-api-1.2.2.jar:/Users/heliting/.m2/repository/org/assertj/assertj-core/3.21.0/assertj-core-3.21.0.jar:/Users/heliting/.m2/repository/org/hamcrest/hamcrest/2.2/hamcrest-2.2.jar:/Users/heliting/.m2/repository/org/junit/jupiter/junit-jupiter/5.8.2/junit-jupiter-5.8.2.jar:/Users/heliting/.m2/repository/org/junit/jupiter/junit-jupiter-api/5.8.2/junit-jupiter-api-5.8.2.jar:/Users/heliting/.m2/repository/org/opentest4j/opentest4j/1.2.0/opentest4j-1.2.0.jar:/Users/heliting/.m2/repository/org/junit/platform/junit-platform-commons/1.8.2/junit-platform-commons-1.8.2.jar:/Users/heliting/.m2/repository/org/apiguardian/apiguardian-api/1.1.2/apiguardian-api-1.1.2.jar:/Users/heliting/.m2/repository/org/junit/jupiter/junit-jupiter-params/5.8.2/junit-jupiter-params-5.8.2.jar:/Users/heliting/.m2/repository/org/junit/jupiter/junit-jupiter-engine/5.8.2/junit-jupiter-engine-5.8.2.jar:/Users/heliting/.m2/repository/org/junit/platform/junit-platform-engine/1.8.2/junit-platform-engine-1.8.2.jar:/Users/heliting/.m2/repository/org/mockito/mockito-core/4.0.0/mockito-core-4.0.0.jar:/Users/heliting/.m2/repository/net/bytebuddy/byte-buddy/1.11.22/byte-buddy-1.11.22.jar:/Users/heliting/.m2/repository/net/bytebuddy/byte-buddy-agent/1.11.22/byte-buddy-agent-1.11.22.jar:/Users/heliting/.m2/repository/org/objenesis/objenesis/3.2/objenesis-3.2.jar:/Users/heliting/.m2/repository/org/mockito/mockito-junit-jupiter/4.0.0/mockito-junit-jupiter-4.0.0.jar:/Users/heliting/.m2/repository/org/skyscreamer/jsonassert/1.5.0/jsonassert-1.5.0.jar:/Users/heliting/.m2/repository/com/vaadin/external/google/android-json/0.0.20131108.vaadin1/android-json-0.0.20131108.vaadin1.jar:/Users/heliting/.m2/repository/org/springframework/spring-core/5.3.15/spring-core-5.3.15.jar:/Users/heliting/.m2/repository/org/springframework/spring-jcl/5.3.15/spring-jcl-5.3.15.jar:/Users/heliting/.m2/repository/org/springframework/spring-test/5.3.15/spring-test-5.3.15.jar:/Users/heliting/.m2/repository/org/xmlunit/xmlunit-core/2.8.4/xmlunit-core-2.8.4.jar:/Users/heliting/.m2/repository/com/example/common/1.0-SNAPSHOT/common-1.0-SNAPSHOT.jar:/Users/heliting/.m2/repository/org/springframework/boot/spring-boot-starter-mail/2.6.3/spring-boot-starter-mail-2.6.3.jar:/Users/heliting/.m2/repository/org/springframework/spring-context-support/5.3.15/spring-context-support-5.3.15.jar:/Users/heliting/.m2/repository/com/sun/mail/jakarta.mail/1.6.7/jakarta.mail-1.6.7.jar:/Users/heliting/.m2/repository/com/sun/activation/jakarta.activation/1.2.2/jakarta.activation-1.2.2.jar:/Users/heliting/.m2/repository/org/springframework/cloud/spring-cloud-starter-loadbalancer/3.1.1/spring-cloud-starter-loadbalancer-3.1.1.jar:/Users/heliting/.m2/repository/org/springframework/cloud/spring-cloud-starter/3.1.1/spring-cloud-starter-3.1.1.jar:/Users/heliting/.m2/repository/org/springframework/security/spring-security-rsa/1.0.10.RELEASE/spring-security-rsa-1.0.10.RELEASE.jar:/Users/heliting/.m2/repository/org/bouncycastle/bcpkix-jdk15on/1.68/bcpkix-jdk15on-1.68.jar:/Users/heliting/.m2/repository/org/bouncycastle/bcprov-jdk15on/1.68/bcprov-jdk15on-1.68.jar:/Users/heliting/.m2/repository/org/springframework/cloud/spring-cloud-loadbalancer/3.1.1/spring-cloud-loadbalancer-3.1.1.jar:/Users/heliting/.m2/repository/io/projectreactor/reactor-core/3.4.14/reactor-core-3.4.14.jar:/Users/heliting/.m2/repository/org/reactivestreams/reactive-streams/1.0.3/reactive-streams-1.0.3.jar:/Users/heliting/.m2/repository/io/projectreactor/addons/reactor-extra/3.4.6/reactor-extra-3.4.6.jar:/Users/heliting/.m2/repository/org/springframework/boot/spring-boot-starter-cache/2.6.3/spring-boot-starter-cache-2.6.3.jar:/Users/heliting/.m2/repository/com/stoyanr/evictor/1.0.0/evictor-1.0.0.jar:/Users/heliting/.m2/repository/org/springframework/cloud/spring-cloud-starter-gateway/3.1.1/spring-cloud-starter-gateway-3.1.1.jar:/Users/heliting/.m2/repository/org/springframework/cloud/spring-cloud-gateway-server/3.1.1/spring-cloud-gateway-server-3.1.1.jar:/Users/heliting/.m2/repository/org/springframework/boot/spring-boot-starter-validation/2.6.3/spring-boot-starter-validation-2.6.3.jar:/Users/heliting/.m2/repository/org/apache/tomcat/embed/tomcat-embed-el/9.0.56/tomcat-embed-el-9.0.56.jar:/Users/heliting/.m2/repository/org/hibernate/validator/hibernate-validator/6.2.0.Final/hibernate-validator-6.2.0.Final.jar:/Users/heliting/.m2/repository/jakarta/validation/jakarta.validation-api/2.0.2/jakarta.validation-api-2.0.2.jar:/Users/heliting/.m2/repository/org/jboss/logging/jboss-logging/3.4.3.Final/jboss-logging-3.4.3.Final.jar:/Users/heliting/.m2/repository/com/fasterxml/classmate/1.5.1/classmate-1.5.1.jar:/Users/heliting/.m2/repository/org/springframework/boot/spring-boot-starter-webflux/2.6.3/spring-boot-starter-webflux-2.6.3.jar:/Users/heliting/.m2/repository/org/springframework/boot/spring-boot-starter-json/2.6.3/spring-boot-starter-json-2.6.3.jar:/Users/heliting/.m2/repository/com/fasterxml/jackson/datatype/jackson-datatype-jdk8/2.13.1/jackson-datatype-jdk8-2.13.1.jar:/Users/heliting/.m2/repository/com/fasterxml/jackson/datatype/jackson-datatype-jsr310/2.13.1/jackson-datatype-jsr310-2.13.1.jar:/Users/heliting/.m2/repository/com/fasterxml/jackson/module/jackson-module-parameter-names/2.13.1/jackson-module-parameter-names-2.13.1.jar:/Users/heliting/.m2/repository/org/springframework/boot/spring-boot-starter-reactor-netty/2.6.3/spring-boot-starter-reactor-netty-2.6.3.jar:/Users/heliting/.m2/repository/io/projectreactor/netty/reactor-netty-http/1.0.15/reactor-netty-http-1.0.15.jar:/Users/heliting/.m2/repository/io/netty/netty-codec-http/4.1.73.Final/netty-codec-http-4.1.73.Final.jar:/Users/heliting/.m2/repository/io/netty/netty-codec-http2/4.1.73.Final/netty-codec-http2-4.1.73.Final.jar:/Users/heliting/.m2/repository/io/netty/netty-resolver-dns/4.1.73.Final/netty-resolver-dns-4.1.73.Final.jar:/Users/heliting/.m2/repository/io/netty/netty-codec-dns/4.1.73.Final/netty-codec-dns-4.1.73.Final.jar:/Users/heliting/.m2/repository/io/netty/netty-resolver-dns-native-macos/4.1.73.Final/netty-resolver-dns-native-macos-4.1.73.Final-osx-x86_64.jar:/Users/heliting/.m2/repository/io/netty/netty-resolver-dns-classes-macos/4.1.73.Final/netty-resolver-dns-classes-macos-4.1.73.Final.jar:/Users/heliting/.m2/repository/io/netty/netty-transport-native-epoll/4.1.73.Final/netty-transport-native-epoll-4.1.73.Final-linux-x86_64.jar:/Users/heliting/.m2/repository/io/netty/netty-transport-native-unix-common/4.1.73.Final/netty-transport-native-unix-common-4.1.73.Final.jar:/Users/heliting/.m2/repository/io/netty/netty-transport-classes-epoll/4.1.73.Final/netty-transport-classes-epoll-4.1.73.Final.jar:/Users/heliting/.m2/repository/io/projectreactor/netty/reactor-netty-core/1.0.15/reactor-netty-core-1.0.15.jar:/Users/heliting/.m2/repository/io/netty/netty-handler-proxy/4.1.73.Final/netty-handler-proxy-4.1.73.Final.jar:/Users/heliting/.m2/repository/io/netty/netty-codec-socks/4.1.73.Final/netty-codec-socks-4.1.73.Final.jar:/Users/heliting/.m2/repository/org/springframework/spring-webflux/5.3.15/spring-webflux-5.3.15.jar:/Users/heliting/.m2/repository/com/alibaba/cloud/spring-cloud-starter-alibaba-nacos-discovery/2.2.5.RELEASE/spring-cloud-starter-alibaba-nacos-discovery-2.2.5.RELEASE.jar:/Users/heliting/.m2/repository/com/alibaba/cloud/spring-cloud-alibaba-commons/2021.1/spring-cloud-alibaba-commons-2021.1.jar:/Users/heliting/.m2/repository/com/alibaba/nacos/nacos-client/1.4.1/nacos-client-1.4.1.jar:/Users/heliting/.m2/repository/com/alibaba/nacos/nacos-common/1.4.1/nacos-common-1.4.1.jar:/Users/heliting/.m2/repository/commons-io/commons-io/2.2/commons-io-2.2.jar:/Users/heliting/.m2/repository/org/apache/httpcomponents/httpasyncclient/4.1.5/httpasyncclient-4.1.5.jar:/Users/heliting/.m2/repository/org/apache/httpcomponents/httpcore-nio/4.4.15/httpcore-nio-4.4.15.jar:/Users/heliting/.m2/repository/com/alibaba/nacos/nacos-api/1.4.1/nacos-api-1.4.1.jar:/Users/heliting/.m2/repository/com/google/guava/guava/24.1.1-jre/guava-24.1.1-jre.jar:/Users/heliting/.m2/repository/com/google/code/findbugs/jsr305/1.3.9/jsr305-1.3.9.jar:/Users/heliting/.m2/repository/org/checkerframework/checker-compat-qual/2.0.0/checker-compat-qual-2.0.0.jar:/Users/heliting/.m2/repository/com/google/errorprone/error_prone_annotations/2.1.3/error_prone_annotations-2.1.3.jar:/Users/heliting/.m2/repository/com/google/j2objc/j2objc-annotations/1.1/j2objc-annotations-1.1.jar:/Users/heliting/.m2/repository/org/codehaus/mojo/animal-sniffer-annotations/1.14/animal-sniffer-annotations-1.14.jar:/Users/heliting/.m2/repository/commons-codec/commons-codec/1.15/commons-codec-1.15.jar:/Users/heliting/.m2/repository/com/fasterxml/jackson/core/jackson-core/2.13.1/jackson-core-2.13.1.jar:/Users/heliting/.m2/repository/com/fasterxml/jackson/core/jackson-databind/2.13.1/jackson-databind-2.13.1.jar:/Users/heliting/.m2/repository/com/fasterxml/jackson/core/jackson-annotations/2.13.1/jackson-annotations-2.13.1.jar:/Users/heliting/.m2/repository/io/prometheus/simpleclient/0.12.0/simpleclient-0.12.0.jar:/Users/heliting/.m2/repository/io/prometheus/simpleclient_tracer_otel/0.12.0/simpleclient_tracer_otel-0.12.0.jar:/Users/heliting/.m2/repository/io/prometheus/simpleclient_tracer_common/0.12.0/simpleclient_tracer_common-0.12.0.jar:/Users/heliting/.m2/repository/io/prometheus/simpleclient_tracer_otel_agent/0.12.0/simpleclient_tracer_otel_agent-0.12.0.jar:/Users/heliting/.m2/repository/com/alibaba/spring/spring-context-support/1.0.10/spring-context-support-1.0.10.jar:/Users/heliting/.m2/repository/org/springframework/cloud/spring-cloud-commons/3.1.1/spring-cloud-commons-3.1.1.jar:/Users/heliting/.m2/repository/org/springframework/security/spring-security-crypto/5.6.1/spring-security-crypto-5.6.1.jar:/Users/heliting/.m2/repository/org/springframework/cloud/spring-cloud-context/3.1.1/spring-cloud-context-3.1.1.jar:/Users/heliting/.m2/repository/org/springframework/cloud/spring-cloud-starter-netflix-ribbon/2.2.5.RELEASE/spring-cloud-starter-netflix-ribbon-2.2.5.RELEASE.jar:/Users/heliting/.m2/repository/org/springframework/cloud/spring-cloud-netflix-ribbon/2.2.5.RELEASE/spring-cloud-netflix-ribbon-2.2.5.RELEASE.jar:/Users/heliting/.m2/repository/org/springframework/cloud/spring-cloud-netflix-archaius/2.2.5.RELEASE/spring-cloud-netflix-archaius-2.2.5.RELEASE.jar:/Users/heliting/.m2/repository/org/springframework/cloud/spring-cloud-starter-netflix-archaius/2.2.5.RELEASE/spring-cloud-starter-netflix-archaius-2.2.5.RELEASE.jar:/Users/heliting/.m2/repository/com/netflix/archaius/archaius-core/0.7.6/archaius-core-0.7.6.jar:/Users/heliting/.m2/repository/commons-configuration/commons-configuration/1.8/commons-configuration-1.8.jar:/Users/heliting/.m2/repository/com/netflix/ribbon/ribbon/2.3.0/ribbon-2.3.0.jar:/Users/heliting/.m2/repository/com/netflix/ribbon/ribbon-transport/2.3.0/ribbon-transport-2.3.0.jar:/Users/heliting/.m2/repository/io/reactivex/rxnetty-contexts/0.4.9/rxnetty-contexts-0.4.9.jar:/Users/heliting/.m2/repository/io/reactivex/rxnetty-servo/0.4.9/rxnetty-servo-0.4.9.jar:/Users/heliting/.m2/repository/com/netflix/hystrix/hystrix-core/1.4.3/hystrix-core-1.4.3.jar:/Users/heliting/.m2/repository/javax/inject/javax.inject/1/javax.inject-1.jar:/Users/heliting/.m2/repository/io/reactivex/rxnetty/0.4.9/rxnetty-0.4.9.jar:/Users/heliting/.m2/repository/com/netflix/ribbon/ribbon-core/2.3.0/ribbon-core-2.3.0.jar:/Users/heliting/.m2/repository/commons-lang/commons-lang/2.6/commons-lang-2.6.jar:/Users/heliting/.m2/repository/com/netflix/ribbon/ribbon-httpclient/2.3.0/ribbon-httpclient-2.3.0.jar:/Users/heliting/.m2/repository/commons-collections/commons-collections/3.2.2/commons-collections-3.2.2.jar:/Users/heliting/.m2/repository/com/sun/jersey/jersey-client/1.19.1/jersey-client-1.19.1.jar:/Users/heliting/.m2/repository/com/sun/jersey/jersey-core/1.19.1/jersey-core-1.19.1.jar:/Users/heliting/.m2/repository/javax/ws/rs/jsr311-api/1.1.1/jsr311-api-1.1.1.jar:/Users/heliting/.m2/repository/com/sun/jersey/contribs/jersey-apache-client4/1.19.1/jersey-apache-client4-1.19.1.jar:/Users/heliting/.m2/repository/com/netflix/servo/servo-core/0.10.1/servo-core-0.10.1.jar:/Users/heliting/.m2/repository/com/netflix/servo/servo-internal/0.10.1/servo-internal-0.10.1.jar:/Users/heliting/.m2/repository/com/netflix/netflix-commons/netflix-commons-util/0.1.1/netflix-commons-util-0.1.1.jar:/Users/heliting/.m2/repository/com/netflix/ribbon/ribbon-loadbalancer/2.3.0/ribbon-loadbalancer-2.3.0.jar:/Users/heliting/.m2/repository/com/netflix/netflix-commons/netflix-statistics/0.1.1/netflix-statistics-0.1.1.jar:/Users/heliting/.m2/repository/io/reactivex/rxjava/1.3.8/rxjava-1.3.8.jar:/Users/heliting/.m2/repository/com/alibaba/cloud/spring-cloud-starter-alibaba-nacos-config/2.2.5.RELEASE/spring-cloud-starter-alibaba-nacos-config-2.2.5.RELEASE.jar:/Users/heliting/.m2/repository/org/springframework/cloud/spring-cloud-starter-openfeign/3.1.1/spring-cloud-starter-openfeign-3.1.1.jar:/Users/heliting/.m2/repository/org/springframework/cloud/spring-cloud-openfeign-core/3.1.1/spring-cloud-openfeign-core-3.1.1.jar:/Users/heliting/.m2/repository/org/springframework/boot/spring-boot-starter-aop/2.6.3/spring-boot-starter-aop-2.6.3.jar:/Users/heliting/.m2/repository/org/aspectj/aspectjweaver/1.9.7/aspectjweaver-1.9.7.jar:/Users/heliting/.m2/repository/io/github/openfeign/form/feign-form-spring/3.8.0/feign-form-spring-3.8.0.jar:/Users/heliting/.m2/repository/io/github/openfeign/form/feign-form/3.8.0/feign-form-3.8.0.jar:/Users/heliting/.m2/repository/commons-fileupload/commons-fileupload/1.4/commons-fileupload-1.4.jar:/Users/heliting/.m2/repository/org/springframework/spring-web/5.3.15/spring-web-5.3.15.jar:/Users/heliting/.m2/repository/org/springframework/spring-beans/5.3.15/spring-beans-5.3.15.jar:/Users/heliting/.m2/repository/io/github/openfeign/feign-core/11.8/feign-core-11.8.jar:/Users/heliting/.m2/repository/io/github/openfeign/feign-slf4j/11.8/feign-slf4j-11.8.jar:/Users/heliting/.m2/repository/org/springframework/cloud/spring-cloud-starter-stream-rabbit/3.2.2/spring-cloud-starter-stream-rabbit-3.2.2.jar:/Users/heliting/.m2/repository/org/springframework/cloud/spring-cloud-stream-binder-rabbit/3.2.2/spring-cloud-stream-binder-rabbit-3.2.2.jar:/Users/heliting/.m2/repository/org/springframework/cloud/spring-cloud-function-deployer/3.2.2/spring-cloud-function-deployer-3.2.2.jar:/Users/heliting/.m2/repository/org/springframework/boot/spring-boot-loader/2.6.3/spring-boot-loader-2.6.3.jar:/Users/heliting/.m2/repository/org/springframework/cloud/spring-cloud-function-context/3.2.2/spring-cloud-function-context-3.2.2.jar:/Users/heliting/.m2/repository/net/jodah/typetools/0.6.2/typetools-0.6.2.jar:/Users/heliting/.m2/repository/org/springframework/cloud/spring-cloud-function-core/3.2.2/spring-cloud-function-core-3.2.2.jar:/Users/heliting/.m2/repository/org/springframework/cloud/spring-cloud-deployer-resource-maven/2.5.1/spring-cloud-deployer-resource-maven-2.5.1.jar:/Users/heliting/.m2/repository/org/apache/maven/maven-model-builder/3.6.2/maven-model-builder-3.6.2.jar:/Users/heliting/.m2/repository/org/codehaus/plexus/plexus-utils/3.2.1/plexus-utils-3.2.1.jar:/Users/heliting/.m2/repository/org/codehaus/plexus/plexus-interpolation/1.25/plexus-interpolation-1.25.jar:/Users/heliting/.m2/repository/org/apache/maven/maven-model/3.6.2/maven-model-3.6.2.jar:/Users/heliting/.m2/repository/org/apache/maven/maven-artifact/3.6.2/maven-artifact-3.6.2.jar:/Users/heliting/.m2/repository/org/apache/commons/commons-lang3/3.12.0/commons-lang3-3.12.0.jar:/Users/heliting/.m2/repository/org/apache/maven/maven-builder-support/3.6.2/maven-builder-support-3.6.2.jar:/Users/heliting/.m2/repository/org/eclipse/sisu/org.eclipse.sisu.inject/0.3.3/org.eclipse.sisu.inject-0.3.3.jar:/Users/heliting/.m2/repository/org/apache/maven/maven-resolver-provider/3.6.2/maven-resolver-provider-3.6.2.jar:/Users/heliting/.m2/repository/org/apache/maven/maven-repository-metadata/3.6.2/maven-repository-metadata-3.6.2.jar:/Users/heliting/.m2/repository/org/apache/maven/resolver/maven-resolver-api/1.4.1/maven-resolver-api-1.4.1.jar:/Users/heliting/.m2/repository/org/apache/maven/resolver/maven-resolver-spi/1.4.1/maven-resolver-spi-1.4.1.jar:/Users/heliting/.m2/repository/org/apache/maven/resolver/maven-resolver-util/1.4.1/maven-resolver-util-1.4.1.jar:/Users/heliting/.m2/repository/org/apache/maven/resolver/maven-resolver-connector-basic/1.4.1/maven-resolver-connector-basic-1.4.1.jar:/Users/heliting/.m2/repository/org/apache/maven/resolver/maven-resolver-transport-file/1.4.1/maven-resolver-transport-file-1.4.1.jar:/Users/heliting/.m2/repository/org/apache/maven/resolver/maven-resolver-transport-http/1.4.1/maven-resolver-transport-http-1.4.1.jar:/Users/heliting/.m2/repository/org/slf4j/jcl-over-slf4j/1.7.33/jcl-over-slf4j-1.7.33.jar:/Users/heliting/.m2/repository/org/apache/maven/resolver/maven-resolver-transport-wagon/1.4.1/maven-resolver-transport-wagon-1.4.1.jar:/Users/heliting/.m2/repository/org/apache/maven/wagon/wagon-provider-api/3.0.0/wagon-provider-api-3.0.0.jar:/Users/heliting/.m2/repository/org/apache/maven/resolver/maven-resolver-impl/1.4.1/maven-resolver-impl-1.4.1.jar:/Users/heliting/.m2/repository/org/apache/maven/wagon/wagon-http/3.3.4/wagon-http-3.3.4.jar:/Users/heliting/.m2/repository/org/apache/maven/wagon/wagon-http-shared/3.3.4/wagon-http-shared-3.3.4.jar:/Users/heliting/.m2/repository/org/jsoup/jsoup/1.12.1/jsoup-1.12.1.jar:/Users/heliting/.m2/repository/javax/annotation/javax.annotation-api/1.3.2/javax.annotation-api-1.3.2.jar:/Users/heliting/.m2/repository/org/springframework/cloud/spring-cloud-stream-binder-rabbit-core/3.2.2/spring-cloud-stream-binder-rabbit-core-3.2.2.jar:/Users/heliting/.m2/repository/org/springframework/integration/spring-integration-amqp/5.5.8/spring-integration-amqp-5.5.8.jar:/Users/heliting/.m2/repository/com/rabbitmq/http-client/2.1.0.RELEASE/http-client-2.1.0.RELEASE.jar:/Users/heliting/.m2/repository/org/springframework/cloud/spring-cloud-stream/3.2.2/spring-cloud-stream-3.2.2.jar:/Users/heliting/.m2/repository/org/springframework/integration/spring-integration-core/5.5.8/spring-integration-core-5.5.8.jar:/Users/heliting/.m2/repository/org/springframework/retry/spring-retry/1.3.1/spring-retry-1.3.1.jar:/Users/heliting/.m2/repository/org/springframework/integration/spring-integration-jmx/5.5.8/spring-integration-jmx-5.5.8.jar:/Users/heliting/.m2/repository/org/apache/httpcomponents/httpclient/4.5.13/httpclient-4.5.13.jar:/Users/heliting/.m2/repository/org/apache/httpcomponents/httpcore/4.4.15/httpcore-4.4.15.jar:/Users/heliting/.m2/repository/org/springframework/boot/spring-boot-starter-amqp/2.6.3/spring-boot-starter-amqp-2.6.3.jar:/Users/heliting/.m2/repository/org/springframework/spring-messaging/5.3.15/spring-messaging-5.3.15.jar:/Users/heliting/.m2/repository/org/springframework/amqp/spring-rabbit/2.4.2/spring-rabbit-2.4.2.jar:/Users/heliting/.m2/repository/org/springframework/amqp/spring-amqp/2.4.2/spring-amqp-2.4.2.jar:/Users/heliting/.m2/repository/com/rabbitmq/amqp-client/5.13.1/amqp-client-5.13.1.jar:/Users/heliting/.m2/repository/org/springframework/spring-context/5.3.15/spring-context-5.3.15.jar:/Users/heliting/.m2/repository/org/springframework/spring-expression/5.3.15/spring-expression-5.3.15.jar:/Users/heliting/.m2/repository/org/springframework/spring-tx/5.3.15/spring-tx-5.3.15.jar:/Users/heliting/.m2/repository/org/springframework/boot/spring-boot-starter-data-redis/2.6.3/spring-boot-starter-data-redis-2.6.3.jar:/Users/heliting/.m2/repository/org/springframework/data/spring-data-redis/2.6.1/spring-data-redis-2.6.1.jar:/Users/heliting/.m2/repository/org/springframework/data/spring-data-keyvalue/2.6.1/spring-data-keyvalue-2.6.1.jar:/Users/heliting/.m2/repository/org/springframework/data/spring-data-commons/2.6.1/spring-data-commons-2.6.1.jar:/Users/heliting/.m2/repository/org/springframework/spring-oxm/5.3.15/spring-oxm-5.3.15.jar:/Users/heliting/.m2/repository/org/springframework/spring-aop/5.3.15/spring-aop-5.3.15.jar:/Users/heliting/.m2/repository/io/lettuce/lettuce-core/6.1.6.RELEASE/lettuce-core-6.1.6.RELEASE.jar:/Users/heliting/.m2/repository/io/netty/netty-common/4.1.73.Final/netty-common-4.1.73.Final.jar:/Users/heliting/.m2/repository/io/netty/netty-handler/4.1.73.Final/netty-handler-4.1.73.Final.jar:/Users/heliting/.m2/repository/io/netty/netty-resolver/4.1.73.Final/netty-resolver-4.1.73.Final.jar:/Users/heliting/.m2/repository/io/netty/netty-buffer/4.1.73.Final/netty-buffer-4.1.73.Final.jar:/Users/heliting/.m2/repository/io/netty/netty-codec/4.1.73.Final/netty-codec-4.1.73.Final.jar:/Users/heliting/.m2/repository/io/netty/netty-tcnative-classes/2.0.46.Final/netty-tcnative-classes-2.0.46.Final.jar:/Users/heliting/.m2/repository/io/netty/netty-transport/4.1.73.Final/netty-transport-4.1.73.Final.jar:/Users/heliting/.m2/repository/com/baomidou/mybatis-plus-boot-starter/3.5.3.1/mybatis-plus-boot-starter-3.5.3.1.jar:/Users/heliting/.m2/repository/com/baomidou/mybatis-plus/3.5.3.1/mybatis-plus-3.5.3.1.jar:/Users/heliting/.m2/repository/com/baomidou/mybatis-plus-extension/3.5.3.1/mybatis-plus-extension-3.5.3.1.jar:/Users/heliting/.m2/repository/com/baomidou/mybatis-plus-core/3.5.3.1/mybatis-plus-core-3.5.3.1.jar:/Users/heliting/.m2/repository/com/baomidou/mybatis-plus-annotation/3.5.3.1/mybatis-plus-annotation-3.5.3.1.jar:/Users/heliting/.m2/repository/com/github/jsqlparser/jsqlparser/4.4/jsqlparser-4.4.jar:/Users/heliting/.m2/repository/org/mybatis/mybatis/3.5.10/mybatis-3.5.10.jar:/Users/heliting/.m2/repository/org/mybatis/mybatis-spring/2.0.7/mybatis-spring-2.0.7.jar:/Users/heliting/.m2/repository/org/springframework/boot/spring-boot-autoconfigure/2.6.3/spring-boot-autoconfigure-2.6.3.jar:/Users/heliting/.m2/repository/org/springframework/boot/spring-boot-starter-jdbc/2.6.3/spring-boot-starter-jdbc-2.6.3.jar:/Users/heliting/.m2/repository/com/zaxxer/HikariCP/4.0.3/HikariCP-4.0.3.jar:/Users/heliting/.m2/repository/org/springframework/spring-jdbc/5.3.15/spring-jdbc-5.3.15.jar:/Users/heliting/.m2/repository/com/mysql/mysql-connector-j/8.2.0/mysql-connector-j-8.2.0.jar:/Users/heliting/.m2/repository/com/google/protobuf/protobuf-java/3.21.9/protobuf-java-3.21.9.jar:/Users/heliting/.m2/repository/junit/junit/4.13.2/junit-4.13.2.jar:/Users/heliting/.m2/repository/org/hamcrest/hamcrest-core/2.2/hamcrest-core-2.2.jar:"/>
    <property name="sun.cpu.endian" value="little"/>
    <property name="user.home" value="/Users/heliting"/>
    <property name="user.language" value="zh"/>
    <property name="java.specification.vendor" value="Oracle Corporation"/>
    <property name="java.version.date" value="2023-10-17"/>
    <property name="java.home" value="/Users/heliting/Library/Java/JavaVirtualMachines/openjdk-21.0.1/Contents/Home"/>
    <property name="file.separator" value="/"/>
    <property name="https.proxyHost" value="127.0.0.1"/>
    <property name="basedir" value="/Users/heliting/Documents/GitHub/SpringCloudDemo/workDemo"/>
    <property name="java.vm.compressedOopsMode" value="Zero based"/>
    <property name="line.separator" value="&#10;"/>
    <property name="java.vm.specification.vendor" value="Oracle Corporation"/>
    <property name="java.specification.name" value="Java Platform API Specification"/>
    <property name="FILE_LOG_CHARSET" value="UTF-8"/>
    <property name="java.awt.headless" value="true"/>
    <property name="apple.awt.application.name" value="ForkedBooter"/>
    <property name="surefire.real.class.path" value="/Users/heliting/Documents/GitHub/SpringCloudDemo/workDemo/target/surefire/surefirebooter-20240620153905528_3.jar"/>
    <property name="user.script" value="Hans"/>
    <property name="JM.LOG.PATH" value="/Users/heliting/logs"/>
    <property name="sun.management.compiler" value="HotSpot 64-Bit Tiered Compilers"/>
    <property name="ftp.nonProxyHosts" value="192.168.0.0/16|*.192.168.0.0/16|10.0.0.0/8|*.10.0.0.0/8|172.16.0.0/12|*.172.16.0.0/12|127.0.0.1|localhost|*.localhost|local|*.local|timestamp.apple.com|*.timestamp.apple.com|sequoia.apple.com|*.sequoia.apple.com|seed-sequoia.siri.apple.com|*.seed-sequoia.siri.apple.com"/>
    <property name="java.runtime.version" value="21.0.1+12-29"/>
    <property name="user.name" value="heliting"/>
    <property name="stdout.encoding" value="UTF-8"/>
    <property name="path.separator" value=":"/>
    <property name="os.version" value="13.0"/>
    <property name="java.runtime.name" value="OpenJDK Runtime Environment"/>
    <property name="file.encoding" value="UTF-8"/>
    <property name="spring.beaninfo.ignore" value="true"/>
    <property name="java.vm.name" value="OpenJDK 64-Bit Server VM"/>
    <property name="localRepository" value="/Users/heliting/.m2/repository"/>
    <property name="java.vendor.url.bug" value="https://bugreport.java.com/bugreport/"/>
    <property name="java.io.tmpdir" value="/var/folders/s0/_6vwv7q1429bmgywrpl7266m0000gn/T/"/>
    <property name="idea.version" value="2023.2.1"/>
    <property name="java.version" value="21.0.1"/>
    <property name="user.dir" value="/Users/heliting/Documents/GitHub/SpringCloudDemo/workDemo"/>
    <property name="os.arch" value="aarch64"/>
    <property name="socksProxyPort" value="7890"/>
    <property name="java.vm.specification.name" value="Java Virtual Machine Specification"/>
    <property name="PID" value="50029"/>
    <property name="CONSOLE_LOG_CHARSET" value="UTF-8"/>
    <property name="native.encoding" value="UTF-8"/>
    <property name="java.library.path" value="/Users/heliting/Library/Java/Extensions:/Library/Java/Extensions:/Network/Library/Java/Extensions:/System/Library/Java/Extensions:/usr/lib/java:."/>
    <property name="java.vm.info" value="mixed mode, sharing"/>
    <property name="stderr.encoding" value="UTF-8"/>
    <property name="java.vendor" value="Oracle Corporation"/>
    <property name="java.vm.version" value="21.0.1+12-29"/>
    <property name="sun.io.unicode.encoding" value="UnicodeBig"/>
    <property name="socksNonProxyHosts" value="192.168.0.0/16|*.192.168.0.0/16|10.0.0.0/8|*.10.0.0.0/8|172.16.0.0/12|*.172.16.0.0/12|127.0.0.1|localhost|*.localhost|local|*.local|timestamp.apple.com|*.timestamp.apple.com|sequoia.apple.com|*.sequoia.apple.com|seed-sequoia.siri.apple.com|*.seed-sequoia.siri.apple.com"/>
    <property name="java.class.version" value="65.0"/>
    <property name="http.proxyPort" value="7890"/>
  </properties>
  <testcase name="contextLoads" classname="com.example.workdemo.WorkDemoApplicationTests" time="0.074">
    <system-out><![CDATA[15:39:05.822 [main] DEBUG org.springframework.test.context.BootstrapUtils - Instantiating CacheAwareContextLoaderDelegate from class [org.springframework.test.context.cache.DefaultCacheAwareContextLoaderDelegate]
15:39:05.825 [main] DEBUG org.springframework.test.context.BootstrapUtils - Instantiating BootstrapContext using constructor [public org.springframework.test.context.support.DefaultBootstrapContext(java.lang.Class,org.springframework.test.context.CacheAwareContextLoaderDelegate)]
15:39:05.837 [main] DEBUG org.springframework.test.context.BootstrapUtils - Instantiating TestContextBootstrapper for test class [com.example.workdemo.WorkDemoApplicationTests] from class [org.springframework.boot.test.context.SpringBootTestContextBootstrapper]
15:39:05.841 [main] INFO org.springframework.boot.test.context.SpringBootTestContextBootstrapper - Neither @ContextConfiguration nor @ContextHierarchy found for test class [com.example.workdemo.WorkDemoApplicationTests], using SpringBootContextLoader
15:39:05.843 [main] DEBUG org.springframework.test.context.support.AbstractContextLoader - Did not detect default resource location for test class [com.example.workdemo.WorkDemoApplicationTests]: class path resource [com/example/workdemo/WorkDemoApplicationTests-context.xml] does not exist
15:39:05.843 [main] DEBUG org.springframework.test.context.support.AbstractContextLoader - Did not detect default resource location for test class [com.example.workdemo.WorkDemoApplicationTests]: class path resource [com/example/workdemo/WorkDemoApplicationTestsContext.groovy] does not exist
15:39:05.843 [main] INFO org.springframework.test.context.support.AbstractContextLoader - Could not detect default resource locations for test class [com.example.workdemo.WorkDemoApplicationTests]: no resource found for suffixes {-context.xml, Context.groovy}.
15:39:05.843 [main] INFO org.springframework.test.context.support.AnnotationConfigContextLoaderUtils - Could not detect default configuration classes for test class [com.example.workdemo.WorkDemoApplicationTests]: WorkDemoApplicationTests does not declare any static, non-private, non-final, nested classes annotated with @Configuration.
15:39:05.862 [main] DEBUG org.springframework.test.context.support.ActiveProfilesUtils - Could not find an 'annotation declaring class' for annotation type [org.springframework.test.context.ActiveProfiles] and class [com.example.workdemo.WorkDemoApplicationTests]
15:39:05.886 [main] DEBUG org.springframework.context.annotation.ClassPathScanningCandidateComponentProvider - Identified candidate component class: file [/Users/heliting/Documents/GitHub/SpringCloudDemo/workDemo/target/classes/com/example/workdemo/WorkDemoApplication.class]
15:39:05.887 [main] INFO org.springframework.boot.test.context.SpringBootTestContextBootstrapper - Found @SpringBootConfiguration com.example.workdemo.WorkDemoApplication for test class com.example.workdemo.WorkDemoApplicationTests
15:39:05.915 [main] DEBUG org.springframework.boot.test.context.SpringBootTestContextBootstrapper - @TestExecutionListeners is not present for class [com.example.workdemo.WorkDemoApplicationTests]: using defaults.
15:39:05.915 [main] INFO org.springframework.boot.test.context.SpringBootTestContextBootstrapper - Loaded default TestExecutionListener class names from location [META-INF/spring.factories]: [org.springframework.boot.test.mock.mockito.MockitoTestExecutionListener, org.springframework.boot.test.mock.mockito.ResetMocksTestExecutionListener, org.springframework.boot.test.autoconfigure.restdocs.RestDocsTestExecutionListener, org.springframework.boot.test.autoconfigure.web.client.MockRestServiceServerResetTestExecutionListener, org.springframework.boot.test.autoconfigure.web.servlet.MockMvcPrintOnlyOnFailureTestExecutionListener, org.springframework.boot.test.autoconfigure.web.servlet.WebDriverTestExecutionListener, org.springframework.boot.test.autoconfigure.webservices.client.MockWebServiceServerTestExecutionListener, org.springframework.test.context.web.ServletTestExecutionListener, org.springframework.test.context.support.DirtiesContextBeforeModesTestExecutionListener, org.springframework.test.context.event.ApplicationEventsTestExecutionListener, org.springframework.test.context.support.DependencyInjectionTestExecutionListener, org.springframework.test.context.support.DirtiesContextTestExecutionListener, org.springframework.test.context.transaction.TransactionalTestExecutionListener, org.springframework.test.context.jdbc.SqlScriptsTestExecutionListener, org.springframework.test.context.event.EventPublishingTestExecutionListener]
15:39:05.918 [main] DEBUG org.springframework.boot.test.context.SpringBootTestContextBootstrapper - Skipping candidate TestExecutionListener [org.springframework.test.context.web.ServletTestExecutionListener] due to a missing dependency. Specify custom listener classes or make the default listener classes and their required dependencies available. Offending class: [javax/servlet/ServletContext]
15:39:05.921 [main] INFO org.springframework.boot.test.context.SpringBootTestContextBootstrapper - Using TestExecutionListeners: [org.springframework.test.context.support.DirtiesContextBeforeModesTestExecutionListener@1a760689, org.springframework.test.context.event.ApplicationEventsTestExecutionListener@7241a47d, org.springframework.boot.test.mock.mockito.MockitoTestExecutionListener@70f59913, org.springframework.boot.test.autoconfigure.SpringBootDependencyInjectionTestExecutionListener@77258e59, org.springframework.test.context.support.DirtiesContextTestExecutionListener@5dcd8c7a, org.springframework.test.context.transaction.TransactionalTestExecutionListener@2250b9f2, org.springframework.test.context.jdbc.SqlScriptsTestExecutionListener@7e3181aa, org.springframework.test.context.event.EventPublishingTestExecutionListener@253d9f73, org.springframework.boot.test.mock.mockito.ResetMocksTestExecutionListener@142269f2, org.springframework.boot.test.autoconfigure.restdocs.RestDocsTestExecutionListener@331acdad, org.springframework.boot.test.autoconfigure.web.client.MockRestServiceServerResetTestExecutionListener@41d426b5, org.springframework.boot.test.autoconfigure.web.servlet.MockMvcPrintOnlyOnFailureTestExecutionListener@8dbfffb, org.springframework.boot.test.autoconfigure.web.servlet.WebDriverTestExecutionListener@f316aeb, org.springframework.boot.test.autoconfigure.webservices.client.MockWebServiceServerTestExecutionListener@6aa3a905]
15:39:05.923 [main] DEBUG org.springframework.test.context.support.AbstractDirtiesContextTestExecutionListener - Before test class: context [DefaultTestContext@64b73e7a testClass = WorkDemoApplicationTests, testInstance = [null], testMethod = [null], testException = [null], mergedContextConfiguration = [ReactiveWebMergedContextConfiguration@530712d testClass = WorkDemoApplicationTests, locations = '{}', classes = '{class com.example.workdemo.WorkDemoApplication}', contextInitializerClasses = '[]', activeProfiles = '{}', propertySourceLocations = '{}', propertySourceProperties = '{org.springframework.boot.test.context.SpringBootTestContextBootstrapper=true}', contextCustomizers = set[org.springframework.boot.test.context.filter.ExcludeFilterContextCustomizer@7ce026d3, org.springframework.boot.test.json.DuplicateJsonObjectContextCustomizerFactory$DuplicateJsonObjectContextCustomizer@5b247367, org.springframework.boot.test.mock.mockito.MockitoContextCustomizer@0, org.springframework.boot.test.web.client.TestRestTemplateContextCustomizer@76494737, org.springframework.boot.test.web.reactive.server.WebTestClientContextCustomizer@43df23d3, org.springframework.boot.test.autoconfigure.actuate.metrics.MetricsExportContextCustomizerFactory$DisableMetricExportContextCustomizer@305ffe9e, org.springframework.boot.test.autoconfigure.properties.PropertyMappingContextCustomizer@0, org.springframework.boot.test.autoconfigure.web.servlet.WebDriverContextCustomizerFactory$Customizer@6f53b8a, org.springframework.boot.test.context.SpringBootTestArgs@1, org.springframework.boot.test.context.SpringBootTestWebEnvironment@4e41089d], contextLoader = 'org.springframework.boot.test.context.SpringBootContextLoader', parent = [null]], attributes = map[[empty]]], class annotated with @DirtiesContext [false] with mode [null].
15:39:05.927 [main] DEBUG org.springframework.test.context.support.DependencyInjectionTestExecutionListener - Performing dependency injection for test context [[DefaultTestContext@64b73e7a testClass = WorkDemoApplicationTests, testInstance = com.example.workdemo.WorkDemoApplicationTests@2fc6f97f, testMethod = [null], testException = [null], mergedContextConfiguration = [ReactiveWebMergedContextConfiguration@530712d testClass = WorkDemoApplicationTests, locations = '{}', classes = '{class com.example.workdemo.WorkDemoApplication}', contextInitializerClasses = '[]', activeProfiles = '{}', propertySourceLocations = '{}', propertySourceProperties = '{org.springframework.boot.test.context.SpringBootTestContextBootstrapper=true}', contextCustomizers = set[org.springframework.boot.test.context.filter.ExcludeFilterContextCustomizer@7ce026d3, org.springframework.boot.test.json.DuplicateJsonObjectContextCustomizerFactory$DuplicateJsonObjectContextCustomizer@5b247367, org.springframework.boot.test.mock.mockito.MockitoContextCustomizer@0, org.springframework.boot.test.web.client.TestRestTemplateContextCustomizer@76494737, org.springframework.boot.test.web.reactive.server.WebTestClientContextCustomizer@43df23d3, org.springframework.boot.test.autoconfigure.actuate.metrics.MetricsExportContextCustomizerFactory$DisableMetricExportContextCustomizer@305ffe9e, org.springframework.boot.test.autoconfigure.properties.PropertyMappingContextCustomizer@0, org.springframework.boot.test.autoconfigure.web.servlet.WebDriverContextCustomizerFactory$Customizer@6f53b8a, org.springframework.boot.test.context.SpringBootTestArgs@1, org.springframework.boot.test.context.SpringBootTestWebEnvironment@4e41089d], contextLoader = 'org.springframework.boot.test.context.SpringBootContextLoader', parent = [null]], attributes = map['org.springframework.test.context.event.ApplicationEventsTestExecutionListener.recordApplicationEvents' -> false]]].

  .   ____          _            __ _ _
 /\\ / ___'_ __ _ _(_)_ __  __ _ \ \ \ \
( ( )\___ | '_ | '_| | '_ \/ _` | \ \ \ \
 \\/  ___)| |_)| | | | | || (_| |  ) ) ) )
  '  |____| .__|_| |_|_| |_\__, | / / / /
 =========|_|==============|___/=/_/_/_/
 :: Spring Boot ::                (v2.6.3)

2024-06-20 15:39:06.069  INFO 50029 --- [           main] c.e.workdemo.WorkDemoApplicationTests    : Starting WorkDemoApplicationTests using Java 21.0.1 on helitingdeMacBook-Pro.local with PID 50029 (started by heliting in /Users/heliting/Documents/GitHub/SpringCloudDemo/workDemo)
2024-06-20 15:39:06.070  INFO 50029 --- [           main] c.e.workdemo.WorkDemoApplicationTests    : No active profile set, falling back to default profiles: default
2024-06-20 15:39:06.430  INFO 50029 --- [           main] .s.d.r.c.RepositoryConfigurationDelegate : Multiple Spring Data modules found, entering strict repository configuration mode!
2024-06-20 15:39:06.431  INFO 50029 --- [           main] .s.d.r.c.RepositoryConfigurationDelegate : Bootstrapping Spring Data Redis repositories in DEFAULT mode.
2024-06-20 15:39:06.440  INFO 50029 --- [           main] .s.d.r.c.RepositoryConfigurationDelegate : Finished Spring Data repository scanning in 2 ms. Found 0 Redis repository interfaces.
2024-06-20 15:39:06.544  WARN 50029 --- [           main] o.m.s.mapper.ClassPathMapperScanner      : No MyBatis mapper was found in '[com.example.workdemo]' package. Please check your configuration.
2024-06-20 15:39:06.547  INFO 50029 --- [           main] faultConfiguringBeanFactoryPostProcessor : No bean named 'errorChannel' has been explicitly defined. Therefore, a default PublishSubscribeChannel will be created.
2024-06-20 15:39:06.554  INFO 50029 --- [           main] faultConfiguringBeanFactoryPostProcessor : No bean named 'integrationHeaderChannelRegistry' has been explicitly defined. Therefore, a default DefaultHeaderChannelRegistry will be created.
2024-06-20 15:39:06.609  INFO 50029 --- [           main] o.s.cloud.context.scope.GenericScope     : BeanFactory id=442fcd1a-2d25-3326-bcfe-02a715e28124
2024-06-20 15:39:06.733  INFO 50029 --- [           main] trationDelegate$BeanPostProcessorChecker : Bean 'org.springframework.integration.config.IntegrationManagementConfiguration' of type [org.springframework.integration.config.IntegrationManagementConfiguration] is not eligible for getting processed by all BeanPostProcessors (for example: not eligible for auto-proxying)
2024-06-20 15:39:06.740  INFO 50029 --- [           main] trationDelegate$BeanPostProcessorChecker : Bean 'integrationChannelResolver' of type [org.springframework.integration.support.channel.BeanFactoryChannelResolver] is not eligible for getting processed by all BeanPostProcessors (for example: not eligible for auto-proxying)
2024-06-20 15:39:06.746  INFO 50029 --- [           main] trationDelegate$BeanPostProcessorChecker : Bean 'org.springframework.cloud.client.loadbalancer.reactive.LoadBalancerBeanPostProcessorAutoConfiguration' of type [org.springframework.cloud.client.loadbalancer.reactive.LoadBalancerBeanPostProcessorAutoConfiguration] is not eligible for getting processed by all BeanPostProcessors (for example: not eligible for auto-proxying)
2024-06-20 15:39:06.747  INFO 50029 --- [           main] trationDelegate$BeanPostProcessorChecker : Bean 'org.springframework.cloud.client.loadbalancer.reactive.LoadBalancerBeanPostProcessorAutoConfiguration$ReactorDeferringLoadBalancerFilterConfig' of type [org.springframework.cloud.client.loadbalancer.reactive.LoadBalancerBeanPostProcessorAutoConfiguration$ReactorDeferringLoadBalancerFilterConfig] is not eligible for getting processed by all BeanPostProcessors (for example: not eligible for auto-proxying)
2024-06-20 15:39:06.749  INFO 50029 --- [           main] trationDelegate$BeanPostProcessorChecker : Bean 'reactorDeferringLoadBalancerExchangeFilterFunction' of type [org.springframework.cloud.client.loadbalancer.reactive.DeferringLoadBalancerExchangeFilterFunction] is not eligible for getting processed by all BeanPostProcessors (for example: not eligible for auto-proxying)
2024-06-20 15:39:06.978 ERROR 50029 --- [           main] i.n.r.d.DnsServerAddressStreamProviders  : Unable to load io.netty.resolver.dns.macos.MacOSDnsServerAddressStreamProvider, fallback to system defaults. This may result in incorrect DNS resolutions on MacOS.

java.lang.reflect.InvocationTargetException: null
	at java.base/jdk.internal.reflect.DirectConstructorHandleAccessor.newInstance(DirectConstructorHandleAccessor.java:74) ~[na:na]
	at java.base/java.lang.reflect.Constructor.newInstanceWithCaller(Constructor.java:502) ~[na:na]
	at java.base/java.lang.reflect.Constructor.newInstance(Constructor.java:486) ~[na:na]
	at io.netty.resolver.dns.DnsServerAddressStreamProviders.<clinit>(DnsServerAddressStreamProviders.java:64) ~[netty-resolver-dns-4.1.73.Final.jar:4.1.73.Final]
	at io.netty.resolver.dns.DnsNameResolverBuilder.<init>(DnsNameResolverBuilder.java:60) ~[netty-resolver-dns-4.1.73.Final.jar:4.1.73.Final]
	at io.lettuce.core.resource.AddressResolverGroupProvider$DefaultDnsAddressResolverGroupWrapper.<clinit>(AddressResolverGroupProvider.java:56) ~[lettuce-core-6.1.6.RELEASE.jar:6.1.6.RELEASE]
	at io.lettuce.core.resource.AddressResolverGroupProvider.<clinit>(AddressResolverGroupProvider.java:35) ~[lettuce-core-6.1.6.RELEASE.jar:6.1.6.RELEASE]
	at io.lettuce.core.resource.DefaultClientResources.<clinit>(DefaultClientResources.java:112) ~[lettuce-core-6.1.6.RELEASE.jar:6.1.6.RELEASE]
	at io.lettuce.core.AbstractRedisClient.<init>(AbstractRedisClient.java:123) ~[lettuce-core-6.1.6.RELEASE.jar:6.1.6.RELEASE]
	at io.lettuce.core.RedisClient.<init>(RedisClient.java:99) ~[lettuce-core-6.1.6.RELEASE.jar:6.1.6.RELEASE]
	at io.lettuce.core.RedisClient.create(RedisClient.java:136) ~[lettuce-core-6.1.6.RELEASE.jar:6.1.6.RELEASE]
	at org.springframework.data.redis.connection.lettuce.LettuceConnectionFactory.lambda$createClient$7(LettuceConnectionFactory.java:1216) ~[spring-data-redis-2.6.1.jar:2.6.1]
	at java.base/java.util.Optional.orElseGet(Optional.java:364) ~[na:na]
	at org.springframework.data.redis.connection.lettuce.LettuceConnectionFactory.createClient(LettuceConnectionFactory.java:1216) ~[spring-data-redis-2.6.1.jar:2.6.1]
	at org.springframework.data.redis.connection.lettuce.LettuceConnectionFactory.afterPropertiesSet(LettuceConnectionFactory.java:338) ~[spring-data-redis-2.6.1.jar:2.6.1]
	at org.springframework.beans.factory.support.AbstractAutowireCapableBeanFactory.invokeInitMethods(AbstractAutowireCapableBeanFactory.java:1863) ~[spring-beans-5.3.15.jar:5.3.15]
	at org.springframework.beans.factory.support.AbstractAutowireCapableBeanFactory.initializeBean(AbstractAutowireCapableBeanFactory.java:1800) ~[spring-beans-5.3.15.jar:5.3.15]
	at org.springframework.beans.factory.support.AbstractAutowireCapableBeanFactory.doCreateBean(AbstractAutowireCapableBeanFactory.java:620) ~[spring-beans-5.3.15.jar:5.3.15]
	at org.springframework.beans.factory.support.AbstractAutowireCapableBeanFactory.createBean(AbstractAutowireCapableBeanFactory.java:542) ~[spring-beans-5.3.15.jar:5.3.15]
	at org.springframework.beans.factory.support.AbstractBeanFactory.lambda$doGetBean$0(AbstractBeanFactory.java:335) ~[spring-beans-5.3.15.jar:5.3.15]
	at org.springframework.beans.factory.support.DefaultSingletonBeanRegistry.getSingleton(DefaultSingletonBeanRegistry.java:234) ~[spring-beans-5.3.15.jar:5.3.15]
	at org.springframework.beans.factory.support.AbstractBeanFactory.doGetBean(AbstractBeanFactory.java:333) ~[spring-beans-5.3.15.jar:5.3.15]
	at org.springframework.beans.factory.support.AbstractBeanFactory.getBean(AbstractBeanFactory.java:208) ~[spring-beans-5.3.15.jar:5.3.15]
	at org.springframework.context.annotation.ConfigurationClassEnhancer$BeanMethodInterceptor.resolveBeanReference(ConfigurationClassEnhancer.java:362) ~[spring-context-5.3.15.jar:5.3.15]
	at org.springframework.context.annotation.ConfigurationClassEnhancer$BeanMethodInterceptor.intercept(ConfigurationClassEnhancer.java:334) ~[spring-context-5.3.15.jar:5.3.15]
	at com.example.workdemo.config.RedisConfig$$EnhancerBySpringCGLIB$$fe43013e.redisConnectionFactory(<generated>) ~[classes/:na]
	at com.example.workdemo.config.RedisConfig.redisTemplate(RedisConfig.java:19) ~[classes/:na]
	at com.example.workdemo.config.RedisConfig$$EnhancerBySpringCGLIB$$fe43013e.CGLIB$redisTemplate$0(<generated>) ~[classes/:na]
	at com.example.workdemo.config.RedisConfig$$EnhancerBySpringCGLIB$$fe43013e$$FastClassBySpringCGLIB$$5750a930.invoke(<generated>) ~[classes/:na]
	at org.springframework.cglib.proxy.MethodProxy.invokeSuper(MethodProxy.java:244) ~[spring-core-5.3.15.jar:5.3.15]
	at org.springframework.context.annotation.ConfigurationClassEnhancer$BeanMethodInterceptor.intercept(ConfigurationClassEnhancer.java:331) ~[spring-context-5.3.15.jar:5.3.15]
	at com.example.workdemo.config.RedisConfig$$EnhancerBySpringCGLIB$$fe43013e.redisTemplate(<generated>) ~[classes/:na]
	at java.base/jdk.internal.reflect.DirectMethodHandleAccessor.invoke(DirectMethodHandleAccessor.java:103) ~[na:na]
	at java.base/java.lang.reflect.Method.invoke(Method.java:580) ~[na:na]
	at org.springframework.beans.factory.support.SimpleInstantiationStrategy.instantiate(SimpleInstantiationStrategy.java:154) ~[spring-beans-5.3.15.jar:5.3.15]
	at org.springframework.beans.factory.support.ConstructorResolver.instantiate(ConstructorResolver.java:653) ~[spring-beans-5.3.15.jar:5.3.15]
	at org.springframework.beans.factory.support.ConstructorResolver.instantiateUsingFactoryMethod(ConstructorResolver.java:486) ~[spring-beans-5.3.15.jar:5.3.15]
	at org.springframework.beans.factory.support.AbstractAutowireCapableBeanFactory.instantiateUsingFactoryMethod(AbstractAutowireCapableBeanFactory.java:1352) ~[spring-beans-5.3.15.jar:5.3.15]
	at org.springframework.beans.factory.support.AbstractAutowireCapableBeanFactory.createBeanInstance(AbstractAutowireCapableBeanFactory.java:1195) ~[spring-beans-5.3.15.jar:5.3.15]
	at org.springframework.beans.factory.support.AbstractAutowireCapableBeanFactory.doCreateBean(AbstractAutowireCapableBeanFactory.java:582) ~[spring-beans-5.3.15.jar:5.3.15]
	at org.springframework.beans.factory.support.AbstractAutowireCapableBeanFactory.createBean(AbstractAutowireCapableBeanFactory.java:542) ~[spring-beans-5.3.15.jar:5.3.15]
	at org.springframework.beans.factory.support.AbstractBeanFactory.lambda$doGetBean$0(AbstractBeanFactory.java:335) ~[spring-beans-5.3.15.jar:5.3.15]
	at org.springframework.beans.factory.support.DefaultSingletonBeanRegistry.getSingleton(DefaultSingletonBeanRegistry.java:234) ~[spring-beans-5.3.15.jar:5.3.15]
	at org.springframework.beans.factory.support.AbstractBeanFactory.doGetBean(AbstractBeanFactory.java:333) ~[spring-beans-5.3.15.jar:5.3.15]
	at org.springframework.beans.factory.support.AbstractBeanFactory.getBean(AbstractBeanFactory.java:208) ~[spring-beans-5.3.15.jar:5.3.15]
	at org.springframework.beans.factory.config.DependencyDescriptor.resolveCandidate(DependencyDescriptor.java:276) ~[spring-beans-5.3.15.jar:5.3.15]
	at org.springframework.beans.factory.support.DefaultListableBeanFactory.doResolveDependency(DefaultListableBeanFactory.java:1389) ~[spring-beans-5.3.15.jar:5.3.15]
	at org.springframework.beans.factory.support.DefaultListableBeanFactory.resolveDependency(DefaultListableBeanFactory.java:1309) ~[spring-beans-5.3.15.jar:5.3.15]
	at org.springframework.beans.factory.annotation.AutowiredAnnotationBeanPostProcessor$AutowiredFieldElement.resolveFieldValue(AutowiredAnnotationBeanPostProcessor.java:656) ~[spring-beans-5.3.15.jar:5.3.15]
	at org.springframework.beans.factory.annotation.AutowiredAnnotationBeanPostProcessor$AutowiredFieldElement.inject(AutowiredAnnotationBeanPostProcessor.java:639) ~[spring-beans-5.3.15.jar:5.3.15]
	at org.springframework.beans.factory.annotation.InjectionMetadata.inject(InjectionMetadata.java:119) ~[spring-beans-5.3.15.jar:5.3.15]
	at org.springframework.beans.factory.annotation.AutowiredAnnotationBeanPostProcessor.postProcessProperties(AutowiredAnnotationBeanPostProcessor.java:399) ~[spring-beans-5.3.15.jar:5.3.15]
	at org.springframework.beans.factory.support.AbstractAutowireCapableBeanFactory.populateBean(AbstractAutowireCapableBeanFactory.java:1431) ~[spring-beans-5.3.15.jar:5.3.15]
	at org.springframework.beans.factory.support.AbstractAutowireCapableBeanFactory.doCreateBean(AbstractAutowireCapableBeanFactory.java:619) ~[spring-beans-5.3.15.jar:5.3.15]
	at org.springframework.beans.factory.support.AbstractAutowireCapableBeanFactory.createBean(AbstractAutowireCapableBeanFactory.java:542) ~[spring-beans-5.3.15.jar:5.3.15]
	at org.springframework.beans.factory.support.AbstractBeanFactory.lambda$doGetBean$0(AbstractBeanFactory.java:335) ~[spring-beans-5.3.15.jar:5.3.15]
	at org.springframework.beans.factory.support.DefaultSingletonBeanRegistry.getSingleton(DefaultSingletonBeanRegistry.java:234) ~[spring-beans-5.3.15.jar:5.3.15]
	at org.springframework.beans.factory.support.AbstractBeanFactory.doGetBean(AbstractBeanFactory.java:333) ~[spring-beans-5.3.15.jar:5.3.15]
	at org.springframework.beans.factory.support.AbstractBeanFactory.getBean(AbstractBeanFactory.java:208) ~[spring-beans-5.3.15.jar:5.3.15]
	at org.springframework.beans.factory.config.DependencyDescriptor.resolveCandidate(DependencyDescriptor.java:276) ~[spring-beans-5.3.15.jar:5.3.15]
	at org.springframework.beans.factory.support.DefaultListableBeanFactory.doResolveDependency(DefaultListableBeanFactory.java:1389) ~[spring-beans-5.3.15.jar:5.3.15]
	at org.springframework.beans.factory.support.DefaultListableBeanFactory.resolveDependency(DefaultListableBeanFactory.java:1309) ~[spring-beans-5.3.15.jar:5.3.15]
	at org.springframework.beans.factory.annotation.AutowiredAnnotationBeanPostProcessor$AutowiredFieldElement.resolveFieldValue(AutowiredAnnotationBeanPostProcessor.java:656) ~[spring-beans-5.3.15.jar:5.3.15]
	at org.springframework.beans.factory.annotation.AutowiredAnnotationBeanPostProcessor$AutowiredFieldElement.inject(AutowiredAnnotationBeanPostProcessor.java:639) ~[spring-beans-5.3.15.jar:5.3.15]
	at org.springframework.beans.factory.annotation.InjectionMetadata.inject(InjectionMetadata.java:119) ~[spring-beans-5.3.15.jar:5.3.15]
	at org.springframework.beans.factory.annotation.AutowiredAnnotationBeanPostProcessor.postProcessProperties(AutowiredAnnotationBeanPostProcessor.java:399) ~[spring-beans-5.3.15.jar:5.3.15]
	at org.springframework.beans.factory.support.AbstractAutowireCapableBeanFactory.populateBean(AbstractAutowireCapableBeanFactory.java:1431) ~[spring-beans-5.3.15.jar:5.3.15]
	at org.springframework.beans.factory.support.AbstractAutowireCapableBeanFactory.doCreateBean(AbstractAutowireCapableBeanFactory.java:619) ~[spring-beans-5.3.15.jar:5.3.15]
	at org.springframework.beans.factory.support.AbstractAutowireCapableBeanFactory.createBean(AbstractAutowireCapableBeanFactory.java:542) ~[spring-beans-5.3.15.jar:5.3.15]
	at org.springframework.beans.factory.support.AbstractBeanFactory.lambda$doGetBean$0(AbstractBeanFactory.java:335) ~[spring-beans-5.3.15.jar:5.3.15]
	at org.springframework.beans.factory.support.DefaultSingletonBeanRegistry.getSingleton(DefaultSingletonBeanRegistry.java:234) ~[spring-beans-5.3.15.jar:5.3.15]
	at org.springframework.beans.factory.support.AbstractBeanFactory.doGetBean(AbstractBeanFactory.java:333) ~[spring-beans-5.3.15.jar:5.3.15]
	at org.springframework.beans.factory.support.AbstractBeanFactory.getBean(AbstractBeanFactory.java:208) ~[spring-beans-5.3.15.jar:5.3.15]
	at org.springframework.beans.factory.support.DefaultListableBeanFactory.preInstantiateSingletons(DefaultListableBeanFactory.java:953) ~[spring-beans-5.3.15.jar:5.3.15]
	at org.springframework.context.support.AbstractApplicationContext.finishBeanFactoryInitialization(AbstractApplicationContext.java:918) ~[spring-context-5.3.15.jar:5.3.15]
	at org.springframework.context.support.AbstractApplicationContext.refresh(AbstractApplicationContext.java:583) ~[spring-context-5.3.15.jar:5.3.15]
	at org.springframework.boot.SpringApplication.refresh(SpringApplication.java:732) ~[spring-boot-2.6.3.jar:2.6.3]
	at org.springframework.boot.SpringApplication.refreshContext(SpringApplication.java:414) ~[spring-boot-2.6.3.jar:2.6.3]
	at org.springframework.boot.SpringApplication.run(SpringApplication.java:302) ~[spring-boot-2.6.3.jar:2.6.3]
	at org.springframework.boot.test.context.SpringBootContextLoader.loadContext(SpringBootContextLoader.java:136) ~[spring-boot-test-2.6.3.jar:2.6.3]
	at org.springframework.test.context.cache.DefaultCacheAwareContextLoaderDelegate.loadContextInternal(DefaultCacheAwareContextLoaderDelegate.java:99) ~[spring-test-5.3.15.jar:5.3.15]
	at org.springframework.test.context.cache.DefaultCacheAwareContextLoaderDelegate.loadContext(DefaultCacheAwareContextLoaderDelegate.java:124) ~[spring-test-5.3.15.jar:5.3.15]
	at org.springframework.test.context.support.DefaultTestContext.getApplicationContext(DefaultTestContext.java:124) ~[spring-test-5.3.15.jar:5.3.15]
	at org.springframework.test.context.support.DependencyInjectionTestExecutionListener.injectDependencies(DependencyInjectionTestExecutionListener.java:118) ~[spring-test-5.3.15.jar:5.3.15]
	at org.springframework.test.context.support.DependencyInjectionTestExecutionListener.prepareTestInstance(DependencyInjectionTestExecutionListener.java:83) ~[spring-test-5.3.15.jar:5.3.15]
	at org.springframework.boot.test.autoconfigure.SpringBootDependencyInjectionTestExecutionListener.prepareTestInstance(SpringBootDependencyInjectionTestExecutionListener.java:43) ~[spring-boot-test-autoconfigure-2.6.3.jar:2.6.3]
	at org.springframework.test.context.TestContextManager.prepareTestInstance(TestContextManager.java:248) ~[spring-test-5.3.15.jar:5.3.15]
	at org.springframework.test.context.junit.jupiter.SpringExtension.postProcessTestInstance(SpringExtension.java:138) ~[spring-test-5.3.15.jar:5.3.15]
	at org.junit.jupiter.engine.descriptor.ClassBasedTestDescriptor.lambda$invokeTestInstancePostProcessors$8(ClassBasedTestDescriptor.java:363) ~[junit-jupiter-engine-5.8.2.jar:5.8.2]
	at org.junit.jupiter.engine.descriptor.ClassBasedTestDescriptor.executeAndMaskThrowable(ClassBasedTestDescriptor.java:368) ~[junit-jupiter-engine-5.8.2.jar:5.8.2]
	at org.junit.jupiter.engine.descriptor.ClassBasedTestDescriptor.lambda$invokeTestInstancePostProcessors$9(ClassBasedTestDescriptor.java:363) ~[junit-jupiter-engine-5.8.2.jar:5.8.2]
	at java.base/java.util.stream.ReferencePipeline$3$1.accept(ReferencePipeline.java:197) ~[na:na]
	at java.base/java.util.stream.ReferencePipeline$2$1.accept(ReferencePipeline.java:179) ~[na:na]
	at java.base/java.util.ArrayList$ArrayListSpliterator.forEachRemaining(ArrayList.java:1708) ~[na:na]
	at java.base/java.util.stream.AbstractPipeline.copyInto(AbstractPipeline.java:509) ~[na:na]
	at java.base/java.util.stream.AbstractPipeline.wrapAndCopyInto(AbstractPipeline.java:499) ~[na:na]
	at java.base/java.util.stream.StreamSpliterators$WrappingSpliterator.forEachRemaining(StreamSpliterators.java:310) ~[na:na]
	at java.base/java.util.stream.Streams$ConcatSpliterator.forEachRemaining(Streams.java:735) ~[na:na]
	at java.base/java.util.stream.Streams$ConcatSpliterator.forEachRemaining(Streams.java:734) ~[na:na]
	at java.base/java.util.stream.ReferencePipeline$Head.forEach(ReferencePipeline.java:762) ~[na:na]
	at org.junit.jupiter.engine.descriptor.ClassBasedTestDescriptor.invokeTestInstancePostProcessors(ClassBasedTestDescriptor.java:362) ~[junit-jupiter-engine-5.8.2.jar:5.8.2]
	at org.junit.jupiter.engine.descriptor.ClassBasedTestDescriptor.lambda$instantiateAndPostProcessTestInstance$6(ClassBasedTestDescriptor.java:283) ~[junit-jupiter-engine-5.8.2.jar:5.8.2]
	at org.junit.platform.engine.support.hierarchical.ThrowableCollector.execute(ThrowableCollector.java:73) ~[junit-platform-engine-1.8.2.jar:1.8.2]
	at org.junit.jupiter.engine.descriptor.ClassBasedTestDescriptor.instantiateAndPostProcessTestInstance(ClassBasedTestDescriptor.java:282) ~[junit-jupiter-engine-5.8.2.jar:5.8.2]
	at org.junit.jupiter.engine.descriptor.ClassBasedTestDescriptor.lambda$testInstancesProvider$4(ClassBasedTestDescriptor.java:272) ~[junit-jupiter-engine-5.8.2.jar:5.8.2]
	at java.base/java.util.Optional.orElseGet(Optional.java:364) ~[na:na]
	at org.junit.jupiter.engine.descriptor.ClassBasedTestDescriptor.lambda$testInstancesProvider$5(ClassBasedTestDescriptor.java:271) ~[junit-jupiter-engine-5.8.2.jar:5.8.2]
	at org.junit.jupiter.engine.execution.TestInstancesProvider.getTestInstances(TestInstancesProvider.java:31) ~[junit-jupiter-engine-5.8.2.jar:5.8.2]
	at org.junit.jupiter.engine.descriptor.TestMethodTestDescriptor.lambda$prepare$0(TestMethodTestDescriptor.java:102) ~[junit-jupiter-engine-5.8.2.jar:5.8.2]
	at org.junit.platform.engine.support.hierarchical.ThrowableCollector.execute(ThrowableCollector.java:73) ~[junit-platform-engine-1.8.2.jar:1.8.2]
	at org.junit.jupiter.engine.descriptor.TestMethodTestDescriptor.prepare(TestMethodTestDescriptor.java:101) ~[junit-jupiter-engine-5.8.2.jar:5.8.2]
	at org.junit.jupiter.engine.descriptor.TestMethodTestDescriptor.prepare(TestMethodTestDescriptor.java:66) ~[junit-jupiter-engine-5.8.2.jar:5.8.2]
	at org.junit.platform.engine.support.hierarchical.NodeTestTask.lambda$prepare$2(NodeTestTask.java:123) ~[junit-platform-engine-1.8.2.jar:1.8.2]
	at org.junit.platform.engine.support.hierarchical.ThrowableCollector.execute(ThrowableCollector.java:73) ~[junit-platform-engine-1.8.2.jar:1.8.2]
	at org.junit.platform.engine.support.hierarchical.NodeTestTask.prepare(NodeTestTask.java:123) ~[junit-platform-engine-1.8.2.jar:1.8.2]
	at org.junit.platform.engine.support.hierarchical.NodeTestTask.execute(NodeTestTask.java:90) ~[junit-platform-engine-1.8.2.jar:1.8.2]
	at java.base/java.util.ArrayList.forEach(ArrayList.java:1596) ~[na:na]
	at org.junit.platform.engine.support.hierarchical.SameThreadHierarchicalTestExecutorService.invokeAll(SameThreadHierarchicalTestExecutorService.java:41) ~[junit-platform-engine-1.8.2.jar:1.8.2]
	at org.junit.platform.engine.support.hierarchical.NodeTestTask.lambda$executeRecursively$6(NodeTestTask.java:155) ~[junit-platform-engine-1.8.2.jar:1.8.2]
	at org.junit.platform.engine.support.hierarchical.ThrowableCollector.execute(ThrowableCollector.java:73) ~[junit-platform-engine-1.8.2.jar:1.8.2]
	at org.junit.platform.engine.support.hierarchical.NodeTestTask.lambda$executeRecursively$8(NodeTestTask.java:141) ~[junit-platform-engine-1.8.2.jar:1.8.2]
	at org.junit.platform.engine.support.hierarchical.Node.around(Node.java:137) ~[junit-platform-engine-1.8.2.jar:1.8.2]
	at org.junit.platform.engine.support.hierarchical.NodeTestTask.lambda$executeRecursively$9(NodeTestTask.java:139) ~[junit-platform-engine-1.8.2.jar:1.8.2]
	at org.junit.platform.engine.support.hierarchical.ThrowableCollector.execute(ThrowableCollector.java:73) ~[junit-platform-engine-1.8.2.jar:1.8.2]
	at org.junit.platform.engine.support.hierarchical.NodeTestTask.executeRecursively(NodeTestTask.java:138) ~[junit-platform-engine-1.8.2.jar:1.8.2]
	at org.junit.platform.engine.support.hierarchical.NodeTestTask.execute(NodeTestTask.java:95) ~[junit-platform-engine-1.8.2.jar:1.8.2]
	at java.base/java.util.ArrayList.forEach(ArrayList.java:1596) ~[na:na]
	at org.junit.platform.engine.support.hierarchical.SameThreadHierarchicalTestExecutorService.invokeAll(SameThreadHierarchicalTestExecutorService.java:41) ~[junit-platform-engine-1.8.2.jar:1.8.2]
	at org.junit.platform.engine.support.hierarchical.NodeTestTask.lambda$executeRecursively$6(NodeTestTask.java:155) ~[junit-platform-engine-1.8.2.jar:1.8.2]
	at org.junit.platform.engine.support.hierarchical.ThrowableCollector.execute(ThrowableCollector.java:73) ~[junit-platform-engine-1.8.2.jar:1.8.2]
	at org.junit.platform.engine.support.hierarchical.NodeTestTask.lambda$executeRecursively$8(NodeTestTask.java:141) ~[junit-platform-engine-1.8.2.jar:1.8.2]
	at org.junit.platform.engine.support.hierarchical.Node.around(Node.java:137) ~[junit-platform-engine-1.8.2.jar:1.8.2]
	at org.junit.platform.engine.support.hierarchical.NodeTestTask.lambda$executeRecursively$9(NodeTestTask.java:139) ~[junit-platform-engine-1.8.2.jar:1.8.2]
	at org.junit.platform.engine.support.hierarchical.ThrowableCollector.execute(ThrowableCollector.java:73) ~[junit-platform-engine-1.8.2.jar:1.8.2]
	at org.junit.platform.engine.support.hierarchical.NodeTestTask.executeRecursively(NodeTestTask.java:138) ~[junit-platform-engine-1.8.2.jar:1.8.2]
	at org.junit.platform.engine.support.hierarchical.NodeTestTask.execute(NodeTestTask.java:95) ~[junit-platform-engine-1.8.2.jar:1.8.2]
	at org.junit.platform.engine.support.hierarchical.SameThreadHierarchicalTestExecutorService.submit(SameThreadHierarchicalTestExecutorService.java:35) ~[junit-platform-engine-1.8.2.jar:1.8.2]
	at org.junit.platform.engine.support.hierarchical.HierarchicalTestExecutor.execute(HierarchicalTestExecutor.java:57) ~[junit-platform-engine-1.8.2.jar:1.8.2]
	at org.junit.platform.engine.support.hierarchical.HierarchicalTestEngine.execute(HierarchicalTestEngine.java:54) ~[junit-platform-engine-1.8.2.jar:1.8.2]
	at org.junit.platform.launcher.core.EngineExecutionOrchestrator.execute(EngineExecutionOrchestrator.java:107) ~[junit-platform-launcher-1.8.2.jar:1.8.2]
	at org.junit.platform.launcher.core.EngineExecutionOrchestrator.execute(EngineExecutionOrchestrator.java:88) ~[junit-platform-launcher-1.8.2.jar:1.8.2]
	at org.junit.platform.launcher.core.EngineExecutionOrchestrator.lambda$execute$0(EngineExecutionOrchestrator.java:54) ~[junit-platform-launcher-1.8.2.jar:1.8.2]
	at org.junit.platform.launcher.core.EngineExecutionOrchestrator.withInterceptedStreams(EngineExecutionOrchestrator.java:67) ~[junit-platform-launcher-1.8.2.jar:1.8.2]
	at org.junit.platform.launcher.core.EngineExecutionOrchestrator.execute(EngineExecutionOrchestrator.java:52) ~[junit-platform-launcher-1.8.2.jar:1.8.2]
	at org.junit.platform.launcher.core.DefaultLauncher.execute(DefaultLauncher.java:114) ~[junit-platform-launcher-1.8.2.jar:1.8.2]
	at org.junit.platform.launcher.core.DefaultLauncher.execute(DefaultLauncher.java:86) ~[junit-platform-launcher-1.8.2.jar:1.8.2]
	at org.junit.platform.launcher.core.DefaultLauncherSession$DelegatingLauncher.execute(DefaultLauncherSession.java:86) ~[junit-platform-launcher-1.8.2.jar:1.8.2]
	at org.apache.maven.surefire.junitplatform.LazyLauncher.execute(LazyLauncher.java:50) ~[surefire-junit-platform-3.0.0.jar:3.0.0]
	at org.apache.maven.surefire.junitplatform.JUnitPlatformProvider.execute(JUnitPlatformProvider.java:184) ~[surefire-junit-platform-3.0.0.jar:3.0.0]
	at org.apache.maven.surefire.junitplatform.JUnitPlatformProvider.invokeAllTests(JUnitPlatformProvider.java:148) ~[surefire-junit-platform-3.0.0.jar:3.0.0]
	at org.apache.maven.surefire.junitplatform.JUnitPlatformProvider.invoke(JUnitPlatformProvider.java:122) ~[surefire-junit-platform-3.0.0.jar:3.0.0]
	at org.apache.maven.surefire.booter.ForkedBooter.runSuitesInProcess(ForkedBooter.java:385) ~[surefire-booter-3.0.0.jar:3.0.0]
	at org.apache.maven.surefire.booter.ForkedBooter.execute(ForkedBooter.java:162) ~[surefire-booter-3.0.0.jar:3.0.0]
	at org.apache.maven.surefire.booter.ForkedBooter.run(ForkedBooter.java:507) ~[surefire-booter-3.0.0.jar:3.0.0]
	at org.apache.maven.surefire.booter.ForkedBooter.main(ForkedBooter.java:495) ~[surefire-booter-3.0.0.jar:3.0.0]
Caused by: java.lang.UnsatisfiedLinkError: 'io.netty.resolver.dns.macos.DnsResolver[] io.netty.resolver.dns.macos.MacOSDnsServerAddressStreamProvider.resolvers()'
	at io.netty.resolver.dns.macos.MacOSDnsServerAddressStreamProvider.resolvers(Native Method) ~[netty-resolver-dns-classes-macos-4.1.73.Final.jar:4.1.73.Final]
	at io.netty.resolver.dns.macos.MacOSDnsServerAddressStreamProvider.retrieveCurrentMappings(MacOSDnsServerAddressStreamProvider.java:127) ~[netty-resolver-dns-classes-macos-4.1.73.Final.jar:4.1.73.Final]
	at io.netty.resolver.dns.macos.MacOSDnsServerAddressStreamProvider.<init>(MacOSDnsServerAddressStreamProvider.java:123) ~[netty-resolver-dns-classes-macos-4.1.73.Final.jar:4.1.73.Final]
	at java.base/jdk.internal.reflect.DirectConstructorHandleAccessor.newInstance(DirectConstructorHandleAccessor.java:62) ~[na:na]
	... 154 common frames omitted

2024-06-20 15:39:07.320  INFO 50029 --- [           main] o.s.c.g.r.RouteDefinitionRouteLocator    : Loaded RoutePredicateFactory [After]
2024-06-20 15:39:07.320  INFO 50029 --- [           main] o.s.c.g.r.RouteDefinitionRouteLocator    : Loaded RoutePredicateFactory [Before]
2024-06-20 15:39:07.320  INFO 50029 --- [           main] o.s.c.g.r.RouteDefinitionRouteLocator    : Loaded RoutePredicateFactory [Between]
2024-06-20 15:39:07.321  INFO 50029 --- [           main] o.s.c.g.r.RouteDefinitionRouteLocator    : Loaded RoutePredicateFactory [Cookie]
2024-06-20 15:39:07.321  INFO 50029 --- [           main] o.s.c.g.r.RouteDefinitionRouteLocator    : Loaded RoutePredicateFactory [Header]
2024-06-20 15:39:07.321  INFO 50029 --- [           main] o.s.c.g.r.RouteDefinitionRouteLocator    : Loaded RoutePredicateFactory [Host]
2024-06-20 15:39:07.321  INFO 50029 --- [           main] o.s.c.g.r.RouteDefinitionRouteLocator    : Loaded RoutePredicateFactory [Method]
2024-06-20 15:39:07.321  INFO 50029 --- [           main] o.s.c.g.r.RouteDefinitionRouteLocator    : Loaded RoutePredicateFactory [Path]
2024-06-20 15:39:07.321  INFO 50029 --- [           main] o.s.c.g.r.RouteDefinitionRouteLocator    : Loaded RoutePredicateFactory [Query]
2024-06-20 15:39:07.321  INFO 50029 --- [           main] o.s.c.g.r.RouteDefinitionRouteLocator    : Loaded RoutePredicateFactory [ReadBody]
2024-06-20 15:39:07.321  INFO 50029 --- [           main] o.s.c.g.r.RouteDefinitionRouteLocator    : Loaded RoutePredicateFactory [RemoteAddr]
2024-06-20 15:39:07.321  INFO 50029 --- [           main] o.s.c.g.r.RouteDefinitionRouteLocator    : Loaded RoutePredicateFactory [XForwardedRemoteAddr]
2024-06-20 15:39:07.321  INFO 50029 --- [           main] o.s.c.g.r.RouteDefinitionRouteLocator    : Loaded RoutePredicateFactory [Weight]
2024-06-20 15:39:07.321  INFO 50029 --- [           main] o.s.c.g.r.RouteDefinitionRouteLocator    : Loaded RoutePredicateFactory [CloudFoundryRouteService]
2024-06-20 15:39:07.389  WARN 50029 --- [           main] c.n.c.sources.URLConfigurationSource     : No URLs will be polled as dynamic configuration sources.
2024-06-20 15:39:07.389  INFO 50029 --- [           main] c.n.c.sources.URLConfigurationSource     : To enable URLs as dynamic configuration sources, define System property archaius.configurationSource.additionalUrls or make config.properties available on classpath.
2024-06-20 15:39:07.391  WARN 50029 --- [           main] c.n.c.sources.URLConfigurationSource     : No URLs will be polled as dynamic configuration sources.
2024-06-20 15:39:07.391  INFO 50029 --- [           main] c.n.c.sources.URLConfigurationSource     : To enable URLs as dynamic configuration sources, define System property archaius.configurationSource.additionalUrls or make config.properties available on classpath.
 _ _   |_  _ _|_. ___ _ |    _ 
| | |\/|_)(_| | |_\  |_)||_|_\ 
     /               |         
                        3.5.3.1 
2024-06-20 15:39:07.869  WARN 50029 --- [           main] iguration$LoadBalancerCaffeineWarnLogger : Spring Cloud LoadBalancer is currently working with the default cache. While this cache implementation is useful for development and tests, it's recommended to use Caffeine cache in production.You can switch to using Caffeine cache, by adding it and org.springframework.cache.caffeine.CaffeineCacheManager to the classpath.
2024-06-20 15:39:07.883  INFO 50029 --- [           main] c.f.c.c.BeanFactoryAwareFunctionRegistry : Can't determine default function definition. Please use 'spring.cloud.function.definition' property to explicitly define it.
2024-06-20 15:39:07.957  INFO 50029 --- [           main] o.s.i.endpoint.EventDrivenConsumer       : Adding {logging-channel-adapter:_org.springframework.integration.errorLogger} as a subscriber to the 'errorChannel' channel
2024-06-20 15:39:07.957  INFO 50029 --- [           main] o.s.i.channel.PublishSubscribeChannel    : Channel 'workDemo.errorChannel' has 1 subscriber(s).
2024-06-20 15:39:07.958  INFO 50029 --- [           main] o.s.i.endpoint.EventDrivenConsumer       : started bean '_org.springframework.integration.errorLogger'
2024-06-20 15:39:08.021  INFO 50029 --- [           main] c.e.workdemo.WorkDemoApplicationTests    : Started WorkDemoApplicationTests in 2.081 seconds (JVM running for 2.454)
]]></system-out>
  </testcase>
</testsuite>